<?xml version="1.0" encoding="utf-8"?>
<!DOCTYPE coverage SYSTEM "http://cobertura.sourceforge.net/xml/coverage-04.dtd">
<coverage line-rate="0.778089887640449" branch-rate="0.769607843137255" lines-covered="1662" lines-valid="2136" branches-covered="157" branches-valid="204" complexity="379" version="0" timestamp="1701009468">
  <sources />
  <packages>
    <package name="Homework2" line-rate="0.617232808616404" branch-rate="0.769607843137255" complexity="291">
      <classes>
        <class name="Homework2.Circle" filename="C:\Users\USER\Desktop\Homework2\Homework2\Model\Circle.cs" line-rate="0.871794871794872" branch-rate="0.863636363636364" complexity="4">
          <methods>
            <method name="X1" signature="()" line-rate="1" branch-rate="1" complexity="NaN">
              <lines>
                <line number="19" hits="106" branch="false" />
              </lines>
            </method>
            <method name="X1" signature="(System.Int32)" line-rate="1" branch-rate="1" complexity="NaN">
              <lines>
                <line number="20" hits="43" branch="false" />
              </lines>
            </method>
            <method name="Y1" signature="()" line-rate="1" branch-rate="1" complexity="NaN">
              <lines>
                <line number="24" hits="101" branch="false" />
              </lines>
            </method>
            <method name="Y1" signature="(System.Int32)" line-rate="1" branch-rate="1" complexity="NaN">
              <lines>
                <line number="25" hits="43" branch="false" />
              </lines>
            </method>
            <method name="Width" signature="()" line-rate="1" branch-rate="1" complexity="NaN">
              <lines>
                <line number="29" hits="56" branch="false" />
              </lines>
            </method>
            <method name="Width" signature="(System.Int32)" line-rate="1" branch-rate="1" complexity="NaN">
              <lines>
                <line number="30" hits="42" branch="false" />
              </lines>
            </method>
            <method name="Height" signature="()" line-rate="1" branch-rate="1" complexity="NaN">
              <lines>
                <line number="34" hits="53" branch="false" />
              </lines>
            </method>
            <method name="Height" signature="(System.Int32)" line-rate="1" branch-rate="1" complexity="NaN">
              <lines>
                <line number="35" hits="42" branch="false" />
              </lines>
            </method>
            <method name=".ctor" signature="(Homework2.IRandom)" line-rate="1" branch-rate="1" complexity="NaN">
              <lines>
                <line number="37" hits="17" branch="false" />
                <line number="38" hits="17" branch="false" />
                <line number="39" hits="17" branch="false" />
                <line number="40" hits="17" branch="false" />
                <line number="41" hits="17" branch="false" />
                <line number="42" hits="17" branch="false" />
                <line number="43" hits="17" branch="false" />
                <line number="44" hits="17" branch="false" />
                <line number="45" hits="17" branch="false" />
                <line number="46" hits="17" branch="false" />
              </lines>
            </method>
            <method name="GetLocation" signature="()" line-rate="1" branch-rate="1" complexity="1">
              <lines>
                <line number="50" hits="27" branch="false" />
                <line number="51" hits="27" branch="false" />
                <line number="52" hits="27" branch="false" />
              </lines>
            </method>
            <method name="UpdateLocation" signature="(System.Drawing.Point,System.Drawing.Point)" line-rate="1" branch-rate="1" complexity="NaN">
              <lines>
                <line number="56" hits="25" branch="false" />
                <line number="57" hits="25" branch="false" />
                <line number="58" hits="25" branch="false" />
                <line number="59" hits="25" branch="false" />
                <line number="60" hits="25" branch="false" />
                <line number="61" hits="25" branch="false" />
                <line number="62" hits="25" branch="false" />
              </lines>
            </method>
            <method name="Draw" signature="(Homework2.IGraphics)" line-rate="1" branch-rate="1" complexity="NaN">
              <lines>
                <line number="66" hits="2" branch="false" />
                <line number="67" hits="2" branch="false" />
                <line number="68" hits="2" branch="true" condition-coverage="100% (2/2)" />
                <line number="69" hits="1" branch="false" />
                <line number="70" hits="1" branch="false" />
                <line number="71" hits="1" branch="false" />
                <line number="72" hits="2" branch="false" />
              </lines>
            </method>
            <method name="IsRangeInPoint" signature="(System.Drawing.Point)" line-rate="1" branch-rate="0.833333333333333" complexity="NaN">
              <lines>
                <line number="76" hits="2" branch="false" />
                <line number="77" hits="2" branch="true" condition-coverage="83% (5/6)" />
                <line number="78" hits="2" branch="false" />
              </lines>
            </method>
            <method name="IsRangeInArea" signature="(System.Drawing.Point,System.Drawing.Point)" line-rate="1" branch-rate="1" complexity="NaN">
              <lines>
                <line number="82" hits="3" branch="false" />
                <line number="83" hits="3" branch="true" condition-coverage="100% (6/6)" />
                <line number="84" hits="3" branch="false" />
                <line number="85" hits="3" branch="false" />
                <line number="86" hits="3" branch="false" />
                <line number="87" hits="3" branch="false" />
              </lines>
            </method>
            <method name="Move" signature="(System.Drawing.Point)" line-rate="1" branch-rate="1" complexity="NaN">
              <lines>
                <line number="91" hits="2" branch="false" />
                <line number="92" hits="2" branch="true" condition-coverage="100% (2/2)" />
                <line number="93" hits="1" branch="false" />
                <line number="94" hits="1" branch="false" />
                <line number="95" hits="1" branch="false" />
                <line number="96" hits="1" branch="false" />
                <line number="97" hits="1" branch="false" />
                <line number="98" hits="2" branch="false" />
              </lines>
            </method>
            <method name="ZoomInOut" signature="(System.Drawing.Point,System.Drawing.Point)" line-rate="0" branch-rate="0" complexity="NaN">
              <lines>
                <line number="102" hits="0" branch="false" />
                <line number="103" hits="0" branch="true" condition-coverage="0% (0/2)" />
                <line number="104" hits="0" branch="false" />
                <line number="105" hits="0" branch="false" />
                <line number="106" hits="0" branch="false" />
                <line number="107" hits="0" branch="false" />
                <line number="108" hits="0" branch="false" />
                <line number="109" hits="0" branch="false" />
                <line number="110" hits="0" branch="false" />
                <line number="111" hits="0" branch="false" />
              </lines>
            </method>
            <method name="GetX1Y1Point" signature="()" line-rate="1" branch-rate="1" complexity="1">
              <lines>
                <line number="115" hits="1" branch="false" />
                <line number="116" hits="1" branch="false" />
                <line number="117" hits="1" branch="false" />
              </lines>
            </method>
            <method name="GetWidthHeightPoint" signature="()" line-rate="1" branch-rate="1" complexity="1">
              <lines>
                <line number="121" hits="1" branch="false" />
                <line number="122" hits="1" branch="false" />
                <line number="123" hits="1" branch="false" />
              </lines>
            </method>
            <method name="Equals" signature="(System.Object)" line-rate="1" branch-rate="1" complexity="NaN">
              <lines>
                <line number="127" hits="4" branch="false" />
                <line number="128" hits="4" branch="true" condition-coverage="100% (4/4)" />
                <line number="129" hits="1" branch="false" />
                <line number="130" hits="1" branch="false" />
                <line number="132" hits="3" branch="false" />
                <line number="133" hits="3" branch="false" />
                <line number="134" hits="4" branch="false" />
              </lines>
            </method>
            <method name="GetHashCode" signature="()" line-rate="1" branch-rate="1" complexity="1">
              <lines>
                <line number="138" hits="2" branch="false" />
                <line number="139" hits="2" branch="false" />
                <line number="140" hits="2" branch="false" />
              </lines>
            </method>
          </methods>
          <lines>
            <line number="19" hits="106" branch="false" />
            <line number="20" hits="43" branch="false" />
            <line number="24" hits="101" branch="false" />
            <line number="25" hits="43" branch="false" />
            <line number="29" hits="56" branch="false" />
            <line number="30" hits="42" branch="false" />
            <line number="34" hits="53" branch="false" />
            <line number="35" hits="42" branch="false" />
            <line number="37" hits="17" branch="false" />
            <line number="38" hits="17" branch="false" />
            <line number="39" hits="17" branch="false" />
            <line number="40" hits="17" branch="false" />
            <line number="41" hits="17" branch="false" />
            <line number="42" hits="17" branch="false" />
            <line number="43" hits="17" branch="false" />
            <line number="44" hits="17" branch="false" />
            <line number="45" hits="17" branch="false" />
            <line number="46" hits="17" branch="false" />
            <line number="50" hits="27" branch="false" />
            <line number="51" hits="27" branch="false" />
            <line number="52" hits="27" branch="false" />
            <line number="56" hits="25" branch="false" />
            <line number="57" hits="25" branch="false" />
            <line number="58" hits="25" branch="false" />
            <line number="59" hits="25" branch="false" />
            <line number="60" hits="25" branch="false" />
            <line number="61" hits="25" branch="false" />
            <line number="62" hits="25" branch="false" />
            <line number="66" hits="2" branch="false" />
            <line number="67" hits="2" branch="false" />
            <line number="68" hits="2" branch="true" condition-coverage="100% (2/2)" />
            <line number="69" hits="1" branch="false" />
            <line number="70" hits="1" branch="false" />
            <line number="71" hits="1" branch="false" />
            <line number="72" hits="2" branch="false" />
            <line number="76" hits="2" branch="false" />
            <line number="77" hits="2" branch="true" condition-coverage="83% (5/6)" />
            <line number="78" hits="2" branch="false" />
            <line number="82" hits="3" branch="false" />
            <line number="83" hits="3" branch="true" condition-coverage="100% (6/6)" />
            <line number="84" hits="3" branch="false" />
            <line number="85" hits="3" branch="false" />
            <line number="86" hits="3" branch="false" />
            <line number="87" hits="3" branch="false" />
            <line number="91" hits="2" branch="false" />
            <line number="92" hits="2" branch="true" condition-coverage="100% (2/2)" />
            <line number="93" hits="1" branch="false" />
            <line number="94" hits="1" branch="false" />
            <line number="95" hits="1" branch="false" />
            <line number="96" hits="1" branch="false" />
            <line number="97" hits="1" branch="false" />
            <line number="98" hits="2" branch="false" />
            <line number="102" hits="0" branch="false" />
            <line number="103" hits="0" branch="true" condition-coverage="0% (0/2)" />
            <line number="104" hits="0" branch="false" />
            <line number="105" hits="0" branch="false" />
            <line number="106" hits="0" branch="false" />
            <line number="107" hits="0" branch="false" />
            <line number="108" hits="0" branch="false" />
            <line number="109" hits="0" branch="false" />
            <line number="110" hits="0" branch="false" />
            <line number="111" hits="0" branch="false" />
            <line number="115" hits="1" branch="false" />
            <line number="116" hits="1" branch="false" />
            <line number="117" hits="1" branch="false" />
            <line number="121" hits="1" branch="false" />
            <line number="122" hits="1" branch="false" />
            <line number="123" hits="1" branch="false" />
            <line number="127" hits="4" branch="false" />
            <line number="128" hits="4" branch="true" condition-coverage="100% (4/4)" />
            <line number="129" hits="1" branch="false" />
            <line number="130" hits="1" branch="false" />
            <line number="132" hits="3" branch="false" />
            <line number="133" hits="3" branch="false" />
            <line number="134" hits="4" branch="false" />
            <line number="138" hits="2" branch="false" />
            <line number="139" hits="2" branch="false" />
            <line number="140" hits="2" branch="false" />
          </lines>
        </class>
        <class name="Homework2.DoubleBufferedPanel" filename="C:\Users\USER\Desktop\Homework2\Homework2\DoubleBufferedPanel.cs" line-rate="1" branch-rate="1" complexity="1">
          <methods>
            <method name=".ctor" signature="()" line-rate="1" branch-rate="1" complexity="1">
              <lines>
                <line number="8" hits="1" branch="false" />
                <line number="9" hits="1" branch="false" />
                <line number="10" hits="1" branch="false" />
                <line number="11" hits="1" branch="false" />
              </lines>
            </method>
          </methods>
          <lines>
            <line number="8" hits="1" branch="false" />
            <line number="9" hits="1" branch="false" />
            <line number="10" hits="1" branch="false" />
            <line number="11" hits="1" branch="false" />
          </lines>
        </class>
        <class name="Homework2.Down" filename="C:\Users\USER\Desktop\Homework2\Homework2\Model\Direction.cs" line-rate="0.375" branch-rate="0.5" complexity="2">
          <methods>
            <method name="IsClickBorderCircle" signature="(System.Drawing.Point,System.Drawing.Point,System.Drawing.Point)" line-rate="1" branch-rate="0.5" complexity="NaN">
              <lines>
                <line number="196" hits="1" branch="false" />
                <line number="197" hits="1" branch="true" condition-coverage="50% (3/6)" />
                <line number="198" hits="1" branch="false" />
                <line number="199" hits="1" branch="false" />
                <line number="200" hits="1" branch="false" />
                <line number="201" hits="1" branch="false" />
              </lines>
            </method>
            <method name="SetIncrementPoint" signature="(System.Drawing.Point)" line-rate="0" branch-rate="1" complexity="NaN">
              <lines>
                <line number="205" hits="0" branch="false" />
                <line number="206" hits="0" branch="false" />
                <line number="207" hits="0" branch="false" />
                <line number="208" hits="0" branch="false" />
              </lines>
            </method>
            <method name="GetIncrementX1Y1" signature="()" line-rate="0" branch-rate="1" complexity="1">
              <lines>
                <line number="212" hits="0" branch="false" />
                <line number="213" hits="0" branch="false" />
                <line number="214" hits="0" branch="false" />
              </lines>
            </method>
            <method name="GetIncrementWidthHeight" signature="()" line-rate="0" branch-rate="1" complexity="1">
              <lines>
                <line number="218" hits="0" branch="false" />
                <line number="219" hits="0" branch="false" />
                <line number="220" hits="0" branch="false" />
              </lines>
            </method>
          </methods>
          <lines>
            <line number="196" hits="1" branch="false" />
            <line number="197" hits="1" branch="true" condition-coverage="50% (3/6)" />
            <line number="198" hits="1" branch="false" />
            <line number="199" hits="1" branch="false" />
            <line number="200" hits="1" branch="false" />
            <line number="201" hits="1" branch="false" />
            <line number="205" hits="0" branch="false" />
            <line number="206" hits="0" branch="false" />
            <line number="207" hits="0" branch="false" />
            <line number="208" hits="0" branch="false" />
            <line number="212" hits="0" branch="false" />
            <line number="213" hits="0" branch="false" />
            <line number="214" hits="0" branch="false" />
            <line number="218" hits="0" branch="false" />
            <line number="219" hits="0" branch="false" />
            <line number="220" hits="0" branch="false" />
          </lines>
        </class>
        <class name="Homework2.DownLeft" filename="C:\Users\USER\Desktop\Homework2\Homework2\Model\Direction.cs" line-rate="0.375" branch-rate="0.333333333333333" complexity="2">
          <methods>
            <method name="IsClickBorderCircle" signature="(System.Drawing.Point,System.Drawing.Point,System.Drawing.Point)" line-rate="1" branch-rate="0.333333333333333" complexity="NaN">
              <lines>
                <line number="231" hits="1" branch="false" />
                <line number="232" hits="1" branch="true" condition-coverage="33% (2/6)" />
                <line number="233" hits="1" branch="false" />
                <line number="234" hits="1" branch="false" />
                <line number="235" hits="1" branch="false" />
                <line number="236" hits="1" branch="false" />
              </lines>
            </method>
            <method name="SetIncrementPoint" signature="(System.Drawing.Point)" line-rate="0" branch-rate="1" complexity="NaN">
              <lines>
                <line number="240" hits="0" branch="false" />
                <line number="241" hits="0" branch="false" />
                <line number="242" hits="0" branch="false" />
                <line number="243" hits="0" branch="false" />
              </lines>
            </method>
            <method name="GetIncrementX1Y1" signature="()" line-rate="0" branch-rate="1" complexity="1">
              <lines>
                <line number="247" hits="0" branch="false" />
                <line number="248" hits="0" branch="false" />
                <line number="249" hits="0" branch="false" />
              </lines>
            </method>
            <method name="GetIncrementWidthHeight" signature="()" line-rate="0" branch-rate="1" complexity="1">
              <lines>
                <line number="253" hits="0" branch="false" />
                <line number="254" hits="0" branch="false" />
                <line number="255" hits="0" branch="false" />
              </lines>
            </method>
          </methods>
          <lines>
            <line number="231" hits="1" branch="false" />
            <line number="232" hits="1" branch="true" condition-coverage="33% (2/6)" />
            <line number="233" hits="1" branch="false" />
            <line number="234" hits="1" branch="false" />
            <line number="235" hits="1" branch="false" />
            <line number="236" hits="1" branch="false" />
            <line number="240" hits="0" branch="false" />
            <line number="241" hits="0" branch="false" />
            <line number="242" hits="0" branch="false" />
            <line number="243" hits="0" branch="false" />
            <line number="247" hits="0" branch="false" />
            <line number="248" hits="0" branch="false" />
            <line number="249" hits="0" branch="false" />
            <line number="253" hits="0" branch="false" />
            <line number="254" hits="0" branch="false" />
            <line number="255" hits="0" branch="false" />
          </lines>
        </class>
        <class name="Homework2.DownRight" filename="C:\Users\USER\Desktop\Homework2\Homework2\Model\Direction.cs" line-rate="0.375" branch-rate="0.5" complexity="2">
          <methods>
            <method name="IsClickBorderCircle" signature="(System.Drawing.Point,System.Drawing.Point,System.Drawing.Point)" line-rate="1" branch-rate="0.5" complexity="NaN">
              <lines>
                <line number="160" hits="1" branch="false" />
                <line number="161" hits="1" branch="true" condition-coverage="50% (3/6)" />
                <line number="162" hits="1" branch="false" />
                <line number="163" hits="1" branch="false" />
                <line number="164" hits="1" branch="false" />
                <line number="165" hits="1" branch="false" />
              </lines>
            </method>
            <method name="SetIncrementPoint" signature="(System.Drawing.Point)" line-rate="0" branch-rate="1" complexity="NaN">
              <lines>
                <line number="169" hits="0" branch="false" />
                <line number="170" hits="0" branch="false" />
                <line number="171" hits="0" branch="false" />
                <line number="172" hits="0" branch="false" />
              </lines>
            </method>
            <method name="GetIncrementX1Y1" signature="()" line-rate="0" branch-rate="1" complexity="1">
              <lines>
                <line number="176" hits="0" branch="false" />
                <line number="177" hits="0" branch="false" />
                <line number="178" hits="0" branch="false" />
              </lines>
            </method>
            <method name="GetIncrementWidthHeight" signature="()" line-rate="0" branch-rate="1" complexity="1">
              <lines>
                <line number="182" hits="0" branch="false" />
                <line number="183" hits="0" branch="false" />
                <line number="184" hits="0" branch="false" />
              </lines>
            </method>
          </methods>
          <lines>
            <line number="160" hits="1" branch="false" />
            <line number="161" hits="1" branch="true" condition-coverage="50% (3/6)" />
            <line number="162" hits="1" branch="false" />
            <line number="163" hits="1" branch="false" />
            <line number="164" hits="1" branch="false" />
            <line number="165" hits="1" branch="false" />
            <line number="169" hits="0" branch="false" />
            <line number="170" hits="0" branch="false" />
            <line number="171" hits="0" branch="false" />
            <line number="172" hits="0" branch="false" />
            <line number="176" hits="0" branch="false" />
            <line number="177" hits="0" branch="false" />
            <line number="178" hits="0" branch="false" />
            <line number="182" hits="0" branch="false" />
            <line number="183" hits="0" branch="false" />
            <line number="184" hits="0" branch="false" />
          </lines>
        </class>
        <class name="Homework2.DrawingState" filename="C:\Users\USER\Desktop\Homework2\Homework2\Model\DrawingState.cs" line-rate="1" branch-rate="1" complexity="NaN">
          <methods>
            <method name=".ctor" signature="(System.Boolean)" line-rate="1" branch-rate="1" complexity="NaN">
              <lines>
                <line number="12" hits="10" branch="false" />
                <line number="15" hits="10" branch="false" />
                <line number="16" hits="10" branch="false" />
                <line number="17" hits="10" branch="false" />
                <line number="18" hits="10" branch="false" />
              </lines>
            </method>
            <method name="PanelMouseDown" signature="(Homework2.Model,System.Drawing.Point)" line-rate="1" branch-rate="1" complexity="NaN">
              <lines>
                <line number="22" hits="2" branch="false" />
                <line number="23" hits="2" branch="false" />
                <line number="24" hits="2" branch="false" />
                <line number="25" hits="2" branch="false" />
                <line number="26" hits="2" branch="false" />
                <line number="27" hits="8" branch="false" />
                <line number="28" hits="1" branch="false" />
                <line number="29" hits="1" branch="false" />
                <line number="30" hits="1" branch="false" />
                <line number="31" hits="2" branch="false" />
              </lines>
            </method>
            <method name="PanelMouseMove" signature="(Homework2.Model,System.Drawing.Point)" line-rate="1" branch-rate="1" complexity="NaN">
              <lines>
                <line number="35" hits="2" branch="false" />
                <line number="36" hits="2" branch="false" />
                <line number="37" hits="2" branch="true" condition-coverage="100% (2/2)" />
                <line number="38" hits="1" branch="false" />
                <line number="39" hits="1" branch="false" />
                <line number="40" hits="1" branch="false" />
                <line number="41" hits="2" branch="false" />
              </lines>
            </method>
            <method name="PanelMouseUp" signature="(Homework2.Model,System.Drawing.Point)" line-rate="1" branch-rate="1" complexity="NaN">
              <lines>
                <line number="45" hits="2" branch="false" />
                <line number="46" hits="2" branch="false" />
                <line number="47" hits="2" branch="true" condition-coverage="100% (2/2)" />
                <line number="48" hits="1" branch="false" />
                <line number="49" hits="1" branch="false" />
                <line number="50" hits="1" branch="false" />
                <line number="51" hits="1" branch="false" />
                <line number="52" hits="1" branch="false" />
                <line number="53" hits="1" branch="false" />
                <line number="54" hits="2" branch="false" />
              </lines>
            </method>
          </methods>
          <lines>
            <line number="12" hits="10" branch="false" />
            <line number="15" hits="10" branch="false" />
            <line number="16" hits="10" branch="false" />
            <line number="17" hits="10" branch="false" />
            <line number="18" hits="10" branch="false" />
            <line number="22" hits="2" branch="false" />
            <line number="23" hits="2" branch="false" />
            <line number="24" hits="2" branch="false" />
            <line number="25" hits="2" branch="false" />
            <line number="26" hits="2" branch="false" />
            <line number="27" hits="8" branch="false" />
            <line number="28" hits="1" branch="false" />
            <line number="29" hits="1" branch="false" />
            <line number="30" hits="1" branch="false" />
            <line number="31" hits="2" branch="false" />
            <line number="35" hits="2" branch="false" />
            <line number="36" hits="2" branch="false" />
            <line number="37" hits="2" branch="true" condition-coverage="100% (2/2)" />
            <line number="38" hits="1" branch="false" />
            <line number="39" hits="1" branch="false" />
            <line number="40" hits="1" branch="false" />
            <line number="41" hits="2" branch="false" />
            <line number="45" hits="2" branch="false" />
            <line number="46" hits="2" branch="false" />
            <line number="47" hits="2" branch="true" condition-coverage="100% (2/2)" />
            <line number="48" hits="1" branch="false" />
            <line number="49" hits="1" branch="false" />
            <line number="50" hits="1" branch="false" />
            <line number="51" hits="1" branch="false" />
            <line number="52" hits="1" branch="false" />
            <line number="53" hits="1" branch="false" />
            <line number="54" hits="2" branch="false" />
          </lines>
        </class>
        <class name="Homework2.Factory" filename="C:\Users\USER\Desktop\Homework2\Homework2\Model\Factory.cs" line-rate="1" branch-rate="1" complexity="NaN">
          <methods>
            <method name="CreateShape" signature="(System.String)" line-rate="1" branch-rate="1" complexity="NaN">
              <lines>
                <line number="17" hits="32" branch="false" />
                <line number="18" hits="32" branch="true" condition-coverage="100% (6/6)" />
                <line number="21" hits="2" branch="false" />
                <line number="23" hits="25" branch="false" />
                <line number="25" hits="2" branch="false" />
                <line number="27" hits="3" branch="false" />
                <line number="29" hits="32" branch="false" />
              </lines>
            </method>
          </methods>
          <lines>
            <line number="17" hits="32" branch="false" />
            <line number="18" hits="32" branch="true" condition-coverage="100% (6/6)" />
            <line number="21" hits="2" branch="false" />
            <line number="23" hits="25" branch="false" />
            <line number="25" hits="2" branch="false" />
            <line number="27" hits="3" branch="false" />
            <line number="29" hits="32" branch="false" />
          </lines>
        </class>
        <class name="Homework2.Form1" filename="C:\Users\USER\Desktop\Homework2\Homework2\Form1.cs" line-rate="0" branch-rate="0" complexity="7">
          <methods>
            <method name="CreateToolStripButtonLine" signature="()" line-rate="0" branch-rate="1" complexity="1">
              <lines>
                <line number="37" hits="0" branch="false" />
                <line number="42" hits="0" branch="false" />
                <line number="43" hits="0" branch="false" />
                <line number="44" hits="0" branch="false" />
                <line number="45" hits="0" branch="false" />
                <line number="46" hits="0" branch="false" />
                <line number="47" hits="0" branch="false" />
                <line number="48" hits="0" branch="false" />
                <line number="49" hits="0" branch="false" />
              </lines>
            </method>
            <method name="CreateToolStripButtonRectangle" signature="()" line-rate="0" branch-rate="1" complexity="1">
              <lines>
                <line number="53" hits="0" branch="false" />
                <line number="58" hits="0" branch="false" />
                <line number="59" hits="0" branch="false" />
                <line number="60" hits="0" branch="false" />
                <line number="61" hits="0" branch="false" />
                <line number="62" hits="0" branch="false" />
                <line number="63" hits="0" branch="false" />
                <line number="64" hits="0" branch="false" />
                <line number="65" hits="0" branch="false" />
              </lines>
            </method>
            <method name="CreateToolStripButtonCircle" signature="()" line-rate="0" branch-rate="1" complexity="1">
              <lines>
                <line number="69" hits="0" branch="false" />
                <line number="75" hits="0" branch="false" />
                <line number="76" hits="0" branch="false" />
                <line number="77" hits="0" branch="false" />
                <line number="78" hits="0" branch="false" />
                <line number="79" hits="0" branch="false" />
                <line number="80" hits="0" branch="false" />
                <line number="81" hits="0" branch="false" />
                <line number="82" hits="0" branch="false" />
              </lines>
            </method>
            <method name="CreateToolStripButtonMouse" signature="()" line-rate="0" branch-rate="1" complexity="1">
              <lines>
                <line number="86" hits="0" branch="false" />
                <line number="92" hits="0" branch="false" />
                <line number="93" hits="0" branch="false" />
                <line number="94" hits="0" branch="false" />
                <line number="95" hits="0" branch="false" />
                <line number="96" hits="0" branch="false" />
                <line number="97" hits="0" branch="false" />
                <line number="98" hits="0" branch="false" />
                <line number="99" hits="0" branch="false" />
              </lines>
            </method>
            <method name="CallViewModelToRecordAllShapeName" signature="()" line-rate="0" branch-rate="1" complexity="3">
              <lines>
                <line number="103" hits="0" branch="false" />
                <line number="104" hits="0" branch="false" />
                <line number="105" hits="0" branch="false" />
                <line number="106" hits="0" branch="false" />
                <line number="107" hits="0" branch="false" />
                <line number="108" hits="0" branch="false" />
                <line number="109" hits="0" branch="false" />
                <line number="110" hits="0" branch="false" />
              </lines>
            </method>
            <method name="HandlePanelChanged" signature="(System.Object)" line-rate="0" branch-rate="1" complexity="NaN">
              <lines>
                <line number="114" hits="0" branch="false" />
                <line number="115" hits="0" branch="false" />
                <line number="116" hits="0" branch="false" />
                <line number="117" hits="0" branch="false" />
              </lines>
            </method>
            <method name="HandleCursorToDefault" signature="(System.Object)" line-rate="0" branch-rate="1" complexity="NaN">
              <lines>
                <line number="121" hits="0" branch="false" />
                <line number="122" hits="0" branch="false" />
                <line number="123" hits="0" branch="false" />
                <line number="124" hits="0" branch="false" />
              </lines>
            </method>
            <method name="AddDataButtonClick" signature="(System.Object,System.EventArgs)" line-rate="0" branch-rate="1" complexity="NaN">
              <lines>
                <line number="128" hits="0" branch="false" />
                <line number="129" hits="0" branch="false" />
                <line number="130" hits="0" branch="false" />
                <line number="131" hits="0" branch="false" />
                <line number="132" hits="0" branch="false" />
                <line number="133" hits="0" branch="false" />
                <line number="134" hits="0" branch="false" />
              </lines>
            </method>
            <method name="RecordDataGridViewCellContentClick" signature="(System.Object,System.Windows.Forms.DataGridViewCellEventArgs)" line-rate="0" branch-rate="0" complexity="NaN">
              <lines>
                <line number="138" hits="0" branch="false" />
                <line number="139" hits="0" branch="true" condition-coverage="0% (0/4)" />
                <line number="140" hits="0" branch="false" />
                <line number="141" hits="0" branch="false" />
                <line number="142" hits="0" branch="false" />
                <line number="143" hits="0" branch="false" />
                <line number="144" hits="0" branch="false" />
              </lines>
            </method>
            <method name="Panel1Paint" signature="(System.Object,System.Windows.Forms.PaintEventArgs)" line-rate="0" branch-rate="1" complexity="NaN">
              <lines>
                <line number="148" hits="0" branch="false" />
                <line number="149" hits="0" branch="false" />
                <line number="150" hits="0" branch="false" />
              </lines>
            </method>
            <method name="Button1Paint" signature="(System.Object,System.Windows.Forms.PaintEventArgs)" line-rate="0" branch-rate="1" complexity="NaN">
              <lines>
                <line number="154" hits="0" branch="false" />
                <line number="155" hits="0" branch="false" />
                <line number="156" hits="0" branch="false" />
                <line number="157" hits="0" branch="false" />
              </lines>
            </method>
            <method name="ToolStripButtonClick" signature="(System.Object,System.EventArgs)" line-rate="0" branch-rate="1" complexity="NaN">
              <lines>
                <line number="161" hits="0" branch="false" />
                <line number="162" hits="0" branch="false" />
                <line number="163" hits="0" branch="false" />
                <line number="164" hits="0" branch="false" />
              </lines>
            </method>
            <method name="Panel1MouseDown" signature="(System.Object,System.Windows.Forms.MouseEventArgs)" line-rate="0" branch-rate="1" complexity="NaN">
              <lines>
                <line number="168" hits="0" branch="false" />
                <line number="169" hits="0" branch="false" />
                <line number="170" hits="0" branch="false" />
              </lines>
            </method>
            <method name="Panel1MouseMove" signature="(System.Object,System.Windows.Forms.MouseEventArgs)" line-rate="0" branch-rate="1" complexity="NaN">
              <lines>
                <line number="174" hits="0" branch="false" />
                <line number="175" hits="0" branch="false" />
                <line number="176" hits="0" branch="false" />
              </lines>
            </method>
            <method name="Panel1MouseUp" signature="(System.Object,System.Windows.Forms.MouseEventArgs)" line-rate="0" branch-rate="1" complexity="NaN">
              <lines>
                <line number="180" hits="0" branch="false" />
                <line number="181" hits="0" branch="false" />
                <line number="182" hits="0" branch="false" />
              </lines>
            </method>
            <method name="Panel1MouseEnter" signature="(System.Object,System.EventArgs)" line-rate="0" branch-rate="0" complexity="NaN">
              <lines>
                <line number="186" hits="0" branch="false" />
                <line number="187" hits="0" branch="true" condition-coverage="0% (0/2)" />
                <line number="188" hits="0" branch="false" />
                <line number="189" hits="0" branch="false" />
                <line number="190" hits="0" branch="false" />
                <line number="192" hits="0" branch="false" />
                <line number="193" hits="0" branch="false" />
                <line number="194" hits="0" branch="false" />
                <line number="195" hits="0" branch="false" />
              </lines>
            </method>
            <method name="Panel1MouseLeave" signature="(System.Object,System.EventArgs)" line-rate="0" branch-rate="1" complexity="NaN">
              <lines>
                <line number="199" hits="0" branch="false" />
                <line number="200" hits="0" branch="false" />
                <line number="201" hits="0" branch="false" />
              </lines>
            </method>
            <method name="Form1KeyDown" signature="(System.Object,System.Windows.Forms.KeyEventArgs)" line-rate="0" branch-rate="1" complexity="NaN">
              <lines>
                <line number="205" hits="0" branch="false" />
                <line number="206" hits="0" branch="false" />
                <line number="207" hits="0" branch="false" />
              </lines>
            </method>
          </methods>
          <lines>
            <line number="19" hits="0" branch="false" />
            <line number="20" hits="0" branch="false" />
            <line number="21" hits="0" branch="false" />
            <line number="22" hits="0" branch="false" />
            <line number="23" hits="0" branch="false" />
            <line number="24" hits="0" branch="false" />
            <line number="25" hits="0" branch="false" />
            <line number="26" hits="0" branch="false" />
            <line number="27" hits="0" branch="false" />
            <line number="28" hits="0" branch="false" />
            <line number="29" hits="0" branch="false" />
            <line number="30" hits="0" branch="false" />
            <line number="31" hits="0" branch="false" />
            <line number="32" hits="0" branch="false" />
            <line number="33" hits="0" branch="false" />
            <line number="37" hits="0" branch="false" />
            <line number="42" hits="0" branch="false" />
            <line number="43" hits="0" branch="false" />
            <line number="44" hits="0" branch="false" />
            <line number="45" hits="0" branch="false" />
            <line number="46" hits="0" branch="false" />
            <line number="47" hits="0" branch="false" />
            <line number="48" hits="0" branch="false" />
            <line number="49" hits="0" branch="false" />
            <line number="53" hits="0" branch="false" />
            <line number="58" hits="0" branch="false" />
            <line number="59" hits="0" branch="false" />
            <line number="60" hits="0" branch="false" />
            <line number="61" hits="0" branch="false" />
            <line number="62" hits="0" branch="false" />
            <line number="63" hits="0" branch="false" />
            <line number="64" hits="0" branch="false" />
            <line number="65" hits="0" branch="false" />
            <line number="69" hits="0" branch="false" />
            <line number="75" hits="0" branch="false" />
            <line number="76" hits="0" branch="false" />
            <line number="77" hits="0" branch="false" />
            <line number="78" hits="0" branch="false" />
            <line number="79" hits="0" branch="false" />
            <line number="80" hits="0" branch="false" />
            <line number="81" hits="0" branch="false" />
            <line number="82" hits="0" branch="false" />
            <line number="86" hits="0" branch="false" />
            <line number="92" hits="0" branch="false" />
            <line number="93" hits="0" branch="false" />
            <line number="94" hits="0" branch="false" />
            <line number="95" hits="0" branch="false" />
            <line number="96" hits="0" branch="false" />
            <line number="97" hits="0" branch="false" />
            <line number="98" hits="0" branch="false" />
            <line number="99" hits="0" branch="false" />
            <line number="103" hits="0" branch="false" />
            <line number="104" hits="0" branch="false" />
            <line number="105" hits="0" branch="false" />
            <line number="106" hits="0" branch="false" />
            <line number="107" hits="0" branch="false" />
            <line number="108" hits="0" branch="false" />
            <line number="109" hits="0" branch="false" />
            <line number="110" hits="0" branch="false" />
            <line number="114" hits="0" branch="false" />
            <line number="115" hits="0" branch="false" />
            <line number="116" hits="0" branch="false" />
            <line number="117" hits="0" branch="false" />
            <line number="121" hits="0" branch="false" />
            <line number="122" hits="0" branch="false" />
            <line number="123" hits="0" branch="false" />
            <line number="124" hits="0" branch="false" />
            <line number="128" hits="0" branch="false" />
            <line number="129" hits="0" branch="false" />
            <line number="130" hits="0" branch="false" />
            <line number="131" hits="0" branch="false" />
            <line number="132" hits="0" branch="false" />
            <line number="133" hits="0" branch="false" />
            <line number="134" hits="0" branch="false" />
            <line number="138" hits="0" branch="false" />
            <line number="139" hits="0" branch="true" condition-coverage="0% (0/4)" />
            <line number="140" hits="0" branch="false" />
            <line number="141" hits="0" branch="false" />
            <line number="142" hits="0" branch="false" />
            <line number="143" hits="0" branch="false" />
            <line number="144" hits="0" branch="false" />
            <line number="148" hits="0" branch="false" />
            <line number="149" hits="0" branch="false" />
            <line number="150" hits="0" branch="false" />
            <line number="154" hits="0" branch="false" />
            <line number="155" hits="0" branch="false" />
            <line number="156" hits="0" branch="false" />
            <line number="157" hits="0" branch="false" />
            <line number="161" hits="0" branch="false" />
            <line number="162" hits="0" branch="false" />
            <line number="163" hits="0" branch="false" />
            <line number="164" hits="0" branch="false" />
            <line number="168" hits="0" branch="false" />
            <line number="169" hits="0" branch="false" />
            <line number="170" hits="0" branch="false" />
            <line number="174" hits="0" branch="false" />
            <line number="175" hits="0" branch="false" />
            <line number="176" hits="0" branch="false" />
            <line number="180" hits="0" branch="false" />
            <line number="181" hits="0" branch="false" />
            <line number="182" hits="0" branch="false" />
            <line number="186" hits="0" branch="false" />
            <line number="187" hits="0" branch="true" condition-coverage="0% (0/2)" />
            <line number="188" hits="0" branch="false" />
            <line number="189" hits="0" branch="false" />
            <line number="190" hits="0" branch="false" />
            <line number="192" hits="0" branch="false" />
            <line number="193" hits="0" branch="false" />
            <line number="194" hits="0" branch="false" />
            <line number="195" hits="0" branch="false" />
            <line number="199" hits="0" branch="false" />
            <line number="200" hits="0" branch="false" />
            <line number="201" hits="0" branch="false" />
            <line number="205" hits="0" branch="false" />
            <line number="206" hits="0" branch="false" />
            <line number="207" hits="0" branch="false" />
          </lines>
        </class>
        <class name="Homework2.Form1" filename="C:\Users\USER\Desktop\Homework2\Homework2\Form1.Designer.cs" line-rate="0" branch-rate="0" complexity="1">
          <methods>
            <method name=".ctor" signature="(Homework2.Model)" line-rate="0" branch-rate="0" complexity="NaN">
              <lines>
                <line number="9" hits="0" branch="false" />
                <line number="16" hits="0" branch="false" />
                <line number="17" hits="0" branch="true" condition-coverage="0% (0/4)" />
                <line number="18" hits="0" branch="false" />
                <line number="19" hits="0" branch="false" />
                <line number="20" hits="0" branch="false" />
                <line number="21" hits="0" branch="false" />
                <line number="22" hits="0" branch="false" />
                <line number="31" hits="0" branch="false" />
                <line number="32" hits="0" branch="false" />
                <line number="33" hits="0" branch="false" />
              </lines>
            </method>
            <method name="Dispose" signature="(System.Boolean)" line-rate="0" branch-rate="0" complexity="NaN">
              <lines>
                <line number="16" hits="0" branch="false" />
                <line number="17" hits="0" branch="true" condition-coverage="0% (0/4)" />
                <line number="18" hits="0" branch="false" />
                <line number="19" hits="0" branch="false" />
                <line number="20" hits="0" branch="false" />
                <line number="21" hits="0" branch="false" />
                <line number="22" hits="0" branch="false" />
              </lines>
            </method>
            <method name="InitializeComponent" signature="()" line-rate="0" branch-rate="1" complexity="1">
              <lines>
                <line number="31" hits="0" branch="false" />
                <line number="32" hits="0" branch="false" />
                <line number="33" hits="0" branch="false" />
                <line number="34" hits="0" branch="false" />
                <line number="35" hits="0" branch="false" />
                <line number="36" hits="0" branch="false" />
                <line number="37" hits="0" branch="false" />
                <line number="38" hits="0" branch="false" />
                <line number="39" hits="0" branch="false" />
                <line number="40" hits="0" branch="false" />
                <line number="41" hits="0" branch="false" />
                <line number="42" hits="0" branch="false" />
                <line number="43" hits="0" branch="false" />
                <line number="44" hits="0" branch="false" />
                <line number="45" hits="0" branch="false" />
                <line number="46" hits="0" branch="false" />
                <line number="47" hits="0" branch="false" />
                <line number="48" hits="0" branch="false" />
                <line number="49" hits="0" branch="false" />
                <line number="50" hits="0" branch="false" />
                <line number="51" hits="0" branch="false" />
                <line number="52" hits="0" branch="false" />
                <line number="53" hits="0" branch="false" />
                <line number="54" hits="0" branch="false" />
                <line number="55" hits="0" branch="false" />
                <line number="59" hits="0" branch="false" />
                <line number="60" hits="0" branch="false" />
                <line number="61" hits="0" branch="false" />
                <line number="62" hits="0" branch="false" />
                <line number="63" hits="0" branch="false" />
                <line number="64" hits="0" branch="false" />
                <line number="65" hits="0" branch="false" />
                <line number="69" hits="0" branch="false" />
                <line number="70" hits="0" branch="false" />
                <line number="71" hits="0" branch="false" />
                <line number="72" hits="0" branch="false" />
                <line number="73" hits="0" branch="false" />
                <line number="74" hits="0" branch="false" />
                <line number="75" hits="0" branch="false" />
                <line number="76" hits="0" branch="false" />
                <line number="77" hits="0" branch="false" />
                <line number="78" hits="0" branch="false" />
                <line number="79" hits="0" branch="false" />
                <line number="83" hits="0" branch="false" />
                <line number="84" hits="0" branch="false" />
                <line number="85" hits="0" branch="false" />
                <line number="86" hits="0" branch="false" />
                <line number="87" hits="0" branch="false" />
                <line number="88" hits="0" branch="false" />
                <line number="89" hits="0" branch="false" />
                <line number="90" hits="0" branch="false" />
                <line number="91" hits="0" branch="false" />
                <line number="92" hits="0" branch="false" />
                <line number="93" hits="0" branch="false" />
                <line number="94" hits="0" branch="false" />
                <line number="95" hits="0" branch="false" />
                <line number="96" hits="0" branch="false" />
                <line number="97" hits="0" branch="false" />
                <line number="98" hits="0" branch="false" />
                <line number="99" hits="0" branch="false" />
                <line number="100" hits="0" branch="false" />
                <line number="101" hits="0" branch="false" />
                <line number="102" hits="0" branch="false" />
                <line number="103" hits="0" branch="false" />
                <line number="104" hits="0" branch="false" />
                <line number="105" hits="0" branch="false" />
                <line number="106" hits="0" branch="false" />
                <line number="110" hits="0" branch="false" />
                <line number="111" hits="0" branch="false" />
                <line number="112" hits="0" branch="false" />
                <line number="113" hits="0" branch="false" />
                <line number="114" hits="0" branch="false" />
                <line number="115" hits="0" branch="false" />
                <line number="116" hits="0" branch="false" />
                <line number="117" hits="0" branch="false" />
                <line number="118" hits="0" branch="false" />
                <line number="122" hits="0" branch="false" />
                <line number="123" hits="0" branch="false" />
                <line number="124" hits="0" branch="false" />
                <line number="125" hits="0" branch="false" />
                <line number="126" hits="0" branch="false" />
                <line number="127" hits="0" branch="false" />
                <line number="128" hits="0" branch="false" />
                <line number="129" hits="0" branch="false" />
                <line number="130" hits="0" branch="false" />
                <line number="131" hits="0" branch="false" />
                <line number="132" hits="0" branch="false" />
                <line number="136" hits="0" branch="false" />
                <line number="137" hits="0" branch="false" />
                <line number="138" hits="0" branch="false" />
                <line number="139" hits="0" branch="false" />
                <line number="140" hits="0" branch="false" />
                <line number="144" hits="0" branch="false" />
                <line number="145" hits="0" branch="false" />
                <line number="146" hits="0" branch="false" />
                <line number="150" hits="0" branch="false" />
                <line number="151" hits="0" branch="false" />
                <line number="152" hits="0" branch="false" />
                <line number="153" hits="0" branch="false" />
                <line number="154" hits="0" branch="false" />
                <line number="155" hits="0" branch="false" />
                <line number="156" hits="0" branch="false" />
                <line number="157" hits="0" branch="false" />
                <line number="158" hits="0" branch="false" />
                <line number="162" hits="0" branch="false" />
                <line number="163" hits="0" branch="false" />
                <line number="164" hits="0" branch="false" />
                <line number="165" hits="0" branch="false" />
                <line number="166" hits="0" branch="false" />
                <line number="167" hits="0" branch="false" />
                <line number="168" hits="0" branch="false" />
                <line number="169" hits="0" branch="false" />
                <line number="170" hits="0" branch="false" />
                <line number="174" hits="0" branch="false" />
                <line number="175" hits="0" branch="false" />
                <line number="176" hits="0" branch="false" />
                <line number="177" hits="0" branch="false" />
                <line number="178" hits="0" branch="false" />
                <line number="179" hits="0" branch="false" />
                <line number="180" hits="0" branch="false" />
                <line number="184" hits="0" branch="false" />
                <line number="185" hits="0" branch="false" />
                <line number="186" hits="0" branch="false" />
                <line number="187" hits="0" branch="false" />
                <line number="188" hits="0" branch="false" />
                <line number="189" hits="0" branch="false" />
                <line number="193" hits="0" branch="false" />
                <line number="194" hits="0" branch="false" />
                <line number="195" hits="0" branch="false" />
                <line number="196" hits="0" branch="false" />
                <line number="197" hits="0" branch="false" />
                <line number="198" hits="0" branch="false" />
                <line number="202" hits="0" branch="false" />
                <line number="203" hits="0" branch="false" />
                <line number="204" hits="0" branch="false" />
                <line number="205" hits="0" branch="false" />
                <line number="206" hits="0" branch="false" />
                <line number="207" hits="0" branch="false" />
                <line number="211" hits="0" branch="false" />
                <line number="212" hits="0" branch="false" />
                <line number="213" hits="0" branch="false" />
                <line number="214" hits="0" branch="false" />
                <line number="215" hits="0" branch="false" />
                <line number="216" hits="0" branch="false" />
                <line number="220" hits="0" branch="false" />
                <line number="221" hits="0" branch="false" />
                <line number="222" hits="0" branch="false" />
                <line number="223" hits="0" branch="false" />
                <line number="224" hits="0" branch="false" />
                <line number="225" hits="0" branch="false" />
                <line number="229" hits="0" branch="false" />
                <line number="233" hits="0" branch="false" />
                <line number="234" hits="0" branch="false" />
                <line number="235" hits="0" branch="false" />
                <line number="236" hits="0" branch="false" />
                <line number="237" hits="0" branch="false" />
                <line number="238" hits="0" branch="false" />
                <line number="239" hits="0" branch="false" />
                <line number="240" hits="0" branch="false" />
                <line number="241" hits="0" branch="false" />
                <line number="242" hits="0" branch="false" />
                <line number="243" hits="0" branch="false" />
                <line number="247" hits="0" branch="false" />
                <line number="248" hits="0" branch="false" />
                <line number="249" hits="0" branch="false" />
                <line number="250" hits="0" branch="false" />
                <line number="251" hits="0" branch="false" />
                <line number="252" hits="0" branch="false" />
                <line number="253" hits="0" branch="false" />
                <line number="254" hits="0" branch="false" />
                <line number="255" hits="0" branch="false" />
                <line number="256" hits="0" branch="false" />
                <line number="257" hits="0" branch="false" />
                <line number="258" hits="0" branch="false" />
                <line number="259" hits="0" branch="false" />
                <line number="260" hits="0" branch="false" />
                <line number="261" hits="0" branch="false" />
                <line number="262" hits="0" branch="false" />
                <line number="263" hits="0" branch="false" />
                <line number="264" hits="0" branch="false" />
                <line number="265" hits="0" branch="false" />
                <line number="266" hits="0" branch="false" />
                <line number="267" hits="0" branch="false" />
                <line number="268" hits="0" branch="false" />
                <line number="270" hits="0" branch="false" />
              </lines>
            </method>
          </methods>
          <lines>
            <line number="9" hits="0" branch="false" />
            <line number="16" hits="0" branch="false" />
            <line number="17" hits="0" branch="true" condition-coverage="0% (0/4)" />
            <line number="18" hits="0" branch="false" />
            <line number="19" hits="0" branch="false" />
            <line number="20" hits="0" branch="false" />
            <line number="21" hits="0" branch="false" />
            <line number="22" hits="0" branch="false" />
            <line number="31" hits="0" branch="false" />
            <line number="32" hits="0" branch="false" />
            <line number="33" hits="0" branch="false" />
            <line number="34" hits="0" branch="false" />
            <line number="35" hits="0" branch="false" />
            <line number="36" hits="0" branch="false" />
            <line number="37" hits="0" branch="false" />
            <line number="38" hits="0" branch="false" />
            <line number="39" hits="0" branch="false" />
            <line number="40" hits="0" branch="false" />
            <line number="41" hits="0" branch="false" />
            <line number="42" hits="0" branch="false" />
            <line number="43" hits="0" branch="false" />
            <line number="44" hits="0" branch="false" />
            <line number="45" hits="0" branch="false" />
            <line number="46" hits="0" branch="false" />
            <line number="47" hits="0" branch="false" />
            <line number="48" hits="0" branch="false" />
            <line number="49" hits="0" branch="false" />
            <line number="50" hits="0" branch="false" />
            <line number="51" hits="0" branch="false" />
            <line number="52" hits="0" branch="false" />
            <line number="53" hits="0" branch="false" />
            <line number="54" hits="0" branch="false" />
            <line number="55" hits="0" branch="false" />
            <line number="59" hits="0" branch="false" />
            <line number="60" hits="0" branch="false" />
            <line number="61" hits="0" branch="false" />
            <line number="62" hits="0" branch="false" />
            <line number="63" hits="0" branch="false" />
            <line number="64" hits="0" branch="false" />
            <line number="65" hits="0" branch="false" />
            <line number="69" hits="0" branch="false" />
            <line number="70" hits="0" branch="false" />
            <line number="71" hits="0" branch="false" />
            <line number="72" hits="0" branch="false" />
            <line number="73" hits="0" branch="false" />
            <line number="74" hits="0" branch="false" />
            <line number="75" hits="0" branch="false" />
            <line number="76" hits="0" branch="false" />
            <line number="77" hits="0" branch="false" />
            <line number="78" hits="0" branch="false" />
            <line number="79" hits="0" branch="false" />
            <line number="83" hits="0" branch="false" />
            <line number="84" hits="0" branch="false" />
            <line number="85" hits="0" branch="false" />
            <line number="86" hits="0" branch="false" />
            <line number="87" hits="0" branch="false" />
            <line number="88" hits="0" branch="false" />
            <line number="89" hits="0" branch="false" />
            <line number="90" hits="0" branch="false" />
            <line number="91" hits="0" branch="false" />
            <line number="92" hits="0" branch="false" />
            <line number="93" hits="0" branch="false" />
            <line number="94" hits="0" branch="false" />
            <line number="95" hits="0" branch="false" />
            <line number="96" hits="0" branch="false" />
            <line number="97" hits="0" branch="false" />
            <line number="98" hits="0" branch="false" />
            <line number="99" hits="0" branch="false" />
            <line number="100" hits="0" branch="false" />
            <line number="101" hits="0" branch="false" />
            <line number="102" hits="0" branch="false" />
            <line number="103" hits="0" branch="false" />
            <line number="104" hits="0" branch="false" />
            <line number="105" hits="0" branch="false" />
            <line number="106" hits="0" branch="false" />
            <line number="110" hits="0" branch="false" />
            <line number="111" hits="0" branch="false" />
            <line number="112" hits="0" branch="false" />
            <line number="113" hits="0" branch="false" />
            <line number="114" hits="0" branch="false" />
            <line number="115" hits="0" branch="false" />
            <line number="116" hits="0" branch="false" />
            <line number="117" hits="0" branch="false" />
            <line number="118" hits="0" branch="false" />
            <line number="122" hits="0" branch="false" />
            <line number="123" hits="0" branch="false" />
            <line number="124" hits="0" branch="false" />
            <line number="125" hits="0" branch="false" />
            <line number="126" hits="0" branch="false" />
            <line number="127" hits="0" branch="false" />
            <line number="128" hits="0" branch="false" />
            <line number="129" hits="0" branch="false" />
            <line number="130" hits="0" branch="false" />
            <line number="131" hits="0" branch="false" />
            <line number="132" hits="0" branch="false" />
            <line number="136" hits="0" branch="false" />
            <line number="137" hits="0" branch="false" />
            <line number="138" hits="0" branch="false" />
            <line number="139" hits="0" branch="false" />
            <line number="140" hits="0" branch="false" />
            <line number="144" hits="0" branch="false" />
            <line number="145" hits="0" branch="false" />
            <line number="146" hits="0" branch="false" />
            <line number="150" hits="0" branch="false" />
            <line number="151" hits="0" branch="false" />
            <line number="152" hits="0" branch="false" />
            <line number="153" hits="0" branch="false" />
            <line number="154" hits="0" branch="false" />
            <line number="155" hits="0" branch="false" />
            <line number="156" hits="0" branch="false" />
            <line number="157" hits="0" branch="false" />
            <line number="158" hits="0" branch="false" />
            <line number="162" hits="0" branch="false" />
            <line number="163" hits="0" branch="false" />
            <line number="164" hits="0" branch="false" />
            <line number="165" hits="0" branch="false" />
            <line number="166" hits="0" branch="false" />
            <line number="167" hits="0" branch="false" />
            <line number="168" hits="0" branch="false" />
            <line number="169" hits="0" branch="false" />
            <line number="170" hits="0" branch="false" />
            <line number="174" hits="0" branch="false" />
            <line number="175" hits="0" branch="false" />
            <line number="176" hits="0" branch="false" />
            <line number="177" hits="0" branch="false" />
            <line number="178" hits="0" branch="false" />
            <line number="179" hits="0" branch="false" />
            <line number="180" hits="0" branch="false" />
            <line number="184" hits="0" branch="false" />
            <line number="185" hits="0" branch="false" />
            <line number="186" hits="0" branch="false" />
            <line number="187" hits="0" branch="false" />
            <line number="188" hits="0" branch="false" />
            <line number="189" hits="0" branch="false" />
            <line number="193" hits="0" branch="false" />
            <line number="194" hits="0" branch="false" />
            <line number="195" hits="0" branch="false" />
            <line number="196" hits="0" branch="false" />
            <line number="197" hits="0" branch="false" />
            <line number="198" hits="0" branch="false" />
            <line number="202" hits="0" branch="false" />
            <line number="203" hits="0" branch="false" />
            <line number="204" hits="0" branch="false" />
            <line number="205" hits="0" branch="false" />
            <line number="206" hits="0" branch="false" />
            <line number="207" hits="0" branch="false" />
            <line number="211" hits="0" branch="false" />
            <line number="212" hits="0" branch="false" />
            <line number="213" hits="0" branch="false" />
            <line number="214" hits="0" branch="false" />
            <line number="215" hits="0" branch="false" />
            <line number="216" hits="0" branch="false" />
            <line number="220" hits="0" branch="false" />
            <line number="221" hits="0" branch="false" />
            <line number="222" hits="0" branch="false" />
            <line number="223" hits="0" branch="false" />
            <line number="224" hits="0" branch="false" />
            <line number="225" hits="0" branch="false" />
            <line number="229" hits="0" branch="false" />
            <line number="233" hits="0" branch="false" />
            <line number="234" hits="0" branch="false" />
            <line number="235" hits="0" branch="false" />
            <line number="236" hits="0" branch="false" />
            <line number="237" hits="0" branch="false" />
            <line number="238" hits="0" branch="false" />
            <line number="239" hits="0" branch="false" />
            <line number="240" hits="0" branch="false" />
            <line number="241" hits="0" branch="false" />
            <line number="242" hits="0" branch="false" />
            <line number="243" hits="0" branch="false" />
            <line number="247" hits="0" branch="false" />
            <line number="248" hits="0" branch="false" />
            <line number="249" hits="0" branch="false" />
            <line number="250" hits="0" branch="false" />
            <line number="251" hits="0" branch="false" />
            <line number="252" hits="0" branch="false" />
            <line number="253" hits="0" branch="false" />
            <line number="254" hits="0" branch="false" />
            <line number="255" hits="0" branch="false" />
            <line number="256" hits="0" branch="false" />
            <line number="257" hits="0" branch="false" />
            <line number="258" hits="0" branch="false" />
            <line number="259" hits="0" branch="false" />
            <line number="260" hits="0" branch="false" />
            <line number="261" hits="0" branch="false" />
            <line number="262" hits="0" branch="false" />
            <line number="263" hits="0" branch="false" />
            <line number="264" hits="0" branch="false" />
            <line number="265" hits="0" branch="false" />
            <line number="266" hits="0" branch="false" />
            <line number="267" hits="0" branch="false" />
            <line number="268" hits="0" branch="false" />
            <line number="270" hits="0" branch="false" />
          </lines>
        </class>
        <class name="Homework2.IState" filename="C:\Users\USER\Desktop\Homework2\Homework2\Model\IState.cs" line-rate="1" branch-rate="1" complexity="NaN">
          <methods>
            <method name="TestMousePressed" signature="()" line-rate="1" branch-rate="1" complexity="NaN">
              <lines>
                <line number="14" hits="2" branch="false" />
              </lines>
            </method>
            <method name="TestMousePressed" signature="(System.Boolean)" line-rate="1" branch-rate="1" complexity="NaN">
              <lines>
                <line number="15" hits="2" branch="false" />
              </lines>
            </method>
            <method name="TestPoint" signature="()" line-rate="1" branch-rate="1" complexity="NaN">
              <lines>
                <line number="19" hits="1" branch="false" />
              </lines>
            </method>
            <method name="TestPoint" signature="(System.Drawing.Point)" line-rate="1" branch-rate="1" complexity="NaN">
              <lines>
                <line number="20" hits="3" branch="false" />
              </lines>
            </method>
          </methods>
          <lines>
            <line number="14" hits="2" branch="false" />
            <line number="15" hits="2" branch="false" />
            <line number="19" hits="1" branch="false" />
            <line number="20" hits="3" branch="false" />
          </lines>
        </class>
        <class name="Homework2.Left" filename="C:\Users\USER\Desktop\Homework2\Homework2\Model\Direction.cs" line-rate="0.375" branch-rate="0.333333333333333" complexity="2">
          <methods>
            <method name="IsClickBorderCircle" signature="(System.Drawing.Point,System.Drawing.Point,System.Drawing.Point)" line-rate="1" branch-rate="0.333333333333333" complexity="NaN">
              <lines>
                <line number="267" hits="1" branch="false" />
                <line number="268" hits="1" branch="true" condition-coverage="33% (2/6)" />
                <line number="269" hits="1" branch="false" />
                <line number="270" hits="1" branch="false" />
                <line number="271" hits="1" branch="false" />
                <line number="272" hits="1" branch="false" />
              </lines>
            </method>
            <method name="SetIncrementPoint" signature="(System.Drawing.Point)" line-rate="0" branch-rate="1" complexity="NaN">
              <lines>
                <line number="276" hits="0" branch="false" />
                <line number="277" hits="0" branch="false" />
                <line number="278" hits="0" branch="false" />
                <line number="279" hits="0" branch="false" />
              </lines>
            </method>
            <method name="GetIncrementX1Y1" signature="()" line-rate="0" branch-rate="1" complexity="1">
              <lines>
                <line number="283" hits="0" branch="false" />
                <line number="284" hits="0" branch="false" />
                <line number="285" hits="0" branch="false" />
              </lines>
            </method>
            <method name="GetIncrementWidthHeight" signature="()" line-rate="0" branch-rate="1" complexity="1">
              <lines>
                <line number="289" hits="0" branch="false" />
                <line number="290" hits="0" branch="false" />
                <line number="291" hits="0" branch="false" />
              </lines>
            </method>
          </methods>
          <lines>
            <line number="267" hits="1" branch="false" />
            <line number="268" hits="1" branch="true" condition-coverage="33% (2/6)" />
            <line number="269" hits="1" branch="false" />
            <line number="270" hits="1" branch="false" />
            <line number="271" hits="1" branch="false" />
            <line number="272" hits="1" branch="false" />
            <line number="276" hits="0" branch="false" />
            <line number="277" hits="0" branch="false" />
            <line number="278" hits="0" branch="false" />
            <line number="279" hits="0" branch="false" />
            <line number="283" hits="0" branch="false" />
            <line number="284" hits="0" branch="false" />
            <line number="285" hits="0" branch="false" />
            <line number="289" hits="0" branch="false" />
            <line number="290" hits="0" branch="false" />
            <line number="291" hits="0" branch="false" />
          </lines>
        </class>
        <class name="Homework2.Line" filename="C:\Users\USER\Desktop\Homework2\Homework2\Model\Line.cs" line-rate="0.849462365591398" branch-rate="0.916666666666667" complexity="4">
          <methods>
            <method name="X1" signature="()" line-rate="1" branch-rate="1" complexity="NaN">
              <lines>
                <line number="22" hits="168" branch="false" />
              </lines>
            </method>
            <method name="X1" signature="(System.Int32)" line-rate="1" branch-rate="1" complexity="NaN">
              <lines>
                <line number="23" hits="94" branch="false" />
              </lines>
            </method>
            <method name="Y1" signature="()" line-rate="1" branch-rate="1" complexity="NaN">
              <lines>
                <line number="27" hits="154" branch="false" />
              </lines>
            </method>
            <method name="Y1" signature="(System.Int32)" line-rate="1" branch-rate="1" complexity="NaN">
              <lines>
                <line number="28" hits="94" branch="false" />
              </lines>
            </method>
            <method name="X2" signature="()" line-rate="1" branch-rate="1" complexity="NaN">
              <lines>
                <line number="32" hits="159" branch="false" />
              </lines>
            </method>
            <method name="X2" signature="(System.Int32)" line-rate="1" branch-rate="1" complexity="NaN">
              <lines>
                <line number="33" hits="100" branch="false" />
              </lines>
            </method>
            <method name="Y2" signature="()" line-rate="1" branch-rate="1" complexity="NaN">
              <lines>
                <line number="37" hits="145" branch="false" />
              </lines>
            </method>
            <method name="Y2" signature="(System.Int32)" line-rate="1" branch-rate="1" complexity="NaN">
              <lines>
                <line number="38" hits="100" branch="false" />
              </lines>
            </method>
            <method name=".ctor" signature="(Homework2.IRandom)" line-rate="1" branch-rate="1" complexity="NaN">
              <lines>
                <line number="40" hits="40" branch="false" />
                <line number="41" hits="40" branch="false" />
                <line number="42" hits="40" branch="false" />
                <line number="43" hits="40" branch="false" />
                <line number="44" hits="40" branch="false" />
                <line number="45" hits="40" branch="false" />
                <line number="46" hits="40" branch="false" />
                <line number="47" hits="40" branch="false" />
                <line number="48" hits="40" branch="false" />
                <line number="49" hits="40" branch="false" />
              </lines>
            </method>
            <method name="GetLocation" signature="()" line-rate="1" branch-rate="1" complexity="1">
              <lines>
                <line number="53" hits="55" branch="false" />
                <line number="54" hits="55" branch="false" />
                <line number="55" hits="55" branch="false" />
              </lines>
            </method>
            <method name="UpdateLocation" signature="(System.Drawing.Point,System.Drawing.Point)" line-rate="1" branch-rate="1" complexity="NaN">
              <lines>
                <line number="59" hits="52" branch="false" />
                <line number="60" hits="52" branch="true" condition-coverage="100% (2/2)" />
                <line number="61" hits="37" branch="false" />
                <line number="62" hits="37" branch="false" />
                <line number="63" hits="37" branch="false" />
[...]
                <line number="60" hits="1" branch="false" />
                <line number="61" hits="1" branch="false" />
              </lines>
            </method>
            <method name="DeleteDataTest" signature="()" line-rate="1" branch-rate="1" complexity="1">
              <lines>
                <line number="66" hits="1" branch="false" />
                <line number="67" hits="1" branch="false" />
                <line number="68" hits="1" branch="false" />
                <line number="69" hits="1" branch="false" />
                <line number="70" hits="1" branch="false" />
                <line number="71" hits="1" branch="false" />
                <line number="72" hits="1" branch="false" />
                <line number="73" hits="1" branch="false" />
              </lines>
            </method>
            <method name="DrawAllTest" signature="()" line-rate="1" branch-rate="1" complexity="1">
              <lines>
                <line number="78" hits="1" branch="false" />
                <line number="79" hits="1" branch="false" />
                <line number="80" hits="1" branch="false" />
                <line number="81" hits="1" branch="false" />
                <line number="82" hits="1" branch="false" />
                <line number="84" hits="1" branch="false" />
                <line number="85" hits="1" branch="false" />
                <line number="86" hits="1" branch="false" />
                <line number="87" hits="1" branch="false" />
              </lines>
            </method>
            <method name="UpdateLocationTest" signature="()" line-rate="1" branch-rate="1" complexity="1">
              <lines>
                <line number="92" hits="1" branch="false" />
                <line number="93" hits="1" branch="false" />
                <line number="94" hits="1" branch="false" />
                <line number="95" hits="1" branch="false" />
                <line number="96" hits="1" branch="false" />
              </lines>
            </method>
            <method name="InitialShapeSelectedTest" signature="()" line-rate="1" branch-rate="1" complexity="1">
              <lines>
                <line number="101" hits="1" branch="false" />
                <line number="102" hits="1" branch="false" />
                <line number="103" hits="1" branch="false" />
                <line number="104" hits="1" branch="false" />
                <line number="105" hits="1" branch="false" />
                <line number="106" hits="1" branch="false" />
                <line number="108" hits="1" branch="false" />
                <line number="109" hits="1" branch="false" />
                <line number="111" hits="1" branch="false" />
                <line number="112" hits="1" branch="false" />
                <line number="113" hits="1" branch="false" />
              </lines>
            </method>
            <method name="IsSelectedAndInPointTest" signature="()" line-rate="1" branch-rate="1" complexity="1">
              <lines>
                <line number="118" hits="1" branch="false" />
                <line number="119" hits="1" branch="false" />
                <line number="120" hits="1" branch="false" />
                <line number="121" hits="1" branch="false" />
                <line number="122" hits="1" branch="false" />
                <line number="123" hits="1" branch="false" />
                <line number="124" hits="1" branch="false" />
                <line number="126" hits="1" branch="false" />
                <line number="127" hits="1" branch="false" />
                <line number="129" hits="1" branch="false" />
                <line number="131" hits="1" branch="false" />
                <line number="132" hits="1" branch="false" />
                <line number="133" hits="1" branch="false" />
                <line number="135" hits="1" branch="false" />
                <line number="136" hits="1" branch="false" />
                <line number="137" hits="1" branch="false" />
                <line number="139" hits="1" branch="false" />
                <line number="140" hits="1" branch="false" />
                <line number="141" hits="1" branch="false" />
                <line number="142" hits="1" branch="false" />
              </lines>
            </method>
            <method name="IsNotSelectedButInPoint" signature="()" line-rate="1" branch-rate="1" complexity="1">
              <lines>
                <line number="147" hits="1" branch="false" />
                <line number="148" hits="1" branch="false" />
                <line number="149" hits="1" branch="false" />
                <line number="150" hits="1" branch="false" />
                <line number="151" hits="1" branch="false" />
                <line number="152" hits="1" branch="false" />
                <line number="153" hits="1" branch="false" />
                <line number="155" hits="1" branch="false" />
                <line number="156" hits="1" branch="false" />
                <line number="158" hits="1" branch="false" />
                <line number="159" hits="1" branch="false" />
                <line number="161" hits="1" branch="false" />
                <line number="162" hits="1" branch="false" />
                <line number="163" hits="1" branch="false" />
                <line number="165" hits="1" branch="false" />
                <line number="166" hits="1" branch="false" />
                <line number="167" hits="1" branch="false" />
                <line number="169" hits="1" branch="false" />
                <line number="170" hits="1" branch="false" />
                <line number="171" hits="1" branch="false" />
                <line number="172" hits="1" branch="false" />
              </lines>
            </method>
          </methods>
          <lines>
            <line number="22" hits="1" branch="false" />
            <line number="23" hits="1" branch="false" />
            <line number="24" hits="1" branch="false" />
            <line number="25" hits="1" branch="false" />
            <line number="30" hits="1" branch="false" />
            <line number="31" hits="1" branch="false" />
            <line number="32" hits="1" branch="false" />
            <line number="34" hits="1" branch="false" />
            <line number="35" hits="1" branch="false" />
            <line number="36" hits="1" branch="false" />
            <line number="38" hits="1" branch="false" />
            <line number="39" hits="1" branch="false" />
            <line number="40" hits="1" branch="false" />
            <line number="42" hits="1" branch="false" />
            <line number="43" hits="1" branch="false" />
            <line number="44" hits="1" branch="false" />
            <line number="46" hits="1" branch="false" />
            <line number="47" hits="1" branch="false" />
            <line number="48" hits="1" branch="false" />
            <line number="49" hits="1" branch="false" />
            <line number="54" hits="1" branch="false" />
            <line number="55" hits="1" branch="false" />
            <line number="56" hits="1" branch="false" />
            <line number="57" hits="1" branch="false" />
            <line number="58" hits="1" branch="false" />
            <line number="59" hits="1" branch="false" />
            <line number="60" hits="1" branch="false" />
            <line number="61" hits="1" branch="false" />
            <line number="66" hits="1" branch="false" />
            <line number="67" hits="1" branch="false" />
            <line number="68" hits="1" branch="false" />
            <line number="69" hits="1" branch="false" />
            <line number="70" hits="1" branch="false" />
            <line number="71" hits="1" branch="false" />
            <line number="72" hits="1" branch="false" />
            <line number="73" hits="1" branch="false" />
            <line number="78" hits="1" branch="false" />
            <line number="79" hits="1" branch="false" />
            <line number="80" hits="1" branch="false" />
            <line number="81" hits="1" branch="false" />
            <line number="82" hits="1" branch="false" />
            <line number="84" hits="1" branch="false" />
            <line number="85" hits="1" branch="false" />
            <line number="86" hits="1" branch="false" />
            <line number="87" hits="1" branch="false" />
            <line number="92" hits="1" branch="false" />
            <line number="93" hits="1" branch="false" />
            <line number="94" hits="1" branch="false" />
            <line number="95" hits="1" branch="false" />
            <line number="96" hits="1" branch="false" />
            <line number="101" hits="1" branch="false" />
            <line number="102" hits="1" branch="false" />
            <line number="103" hits="1" branch="false" />
            <line number="104" hits="1" branch="false" />
            <line number="105" hits="1" branch="false" />
            <line number="106" hits="1" branch="false" />
            <line number="108" hits="1" branch="false" />
            <line number="109" hits="1" branch="false" />
            <line number="111" hits="1" branch="false" />
            <line number="112" hits="1" branch="false" />
            <line number="113" hits="1" branch="false" />
            <line number="118" hits="1" branch="false" />
            <line number="119" hits="1" branch="false" />
            <line number="120" hits="1" branch="false" />
            <line number="121" hits="1" branch="false" />
            <line number="122" hits="1" branch="false" />
            <line number="123" hits="1" branch="false" />
            <line number="124" hits="1" branch="false" />
            <line number="126" hits="1" branch="false" />
            <line number="127" hits="1" branch="false" />
            <line number="129" hits="1" branch="false" />
            <line number="131" hits="1" branch="false" />
            <line number="132" hits="1" branch="false" />
            <line number="133" hits="1" branch="false" />
            <line number="135" hits="1" branch="false" />
            <line number="136" hits="1" branch="false" />
            <line number="137" hits="1" branch="false" />
            <line number="139" hits="1" branch="false" />
            <line number="140" hits="1" branch="false" />
            <line number="141" hits="1" branch="false" />
            <line number="142" hits="1" branch="false" />
            <line number="147" hits="1" branch="false" />
            <line number="148" hits="1" branch="false" />
            <line number="149" hits="1" branch="false" />
            <line number="150" hits="1" branch="false" />
            <line number="151" hits="1" branch="false" />
            <line number="152" hits="1" branch="false" />
            <line number="153" hits="1" branch="false" />
            <line number="155" hits="1" branch="false" />
            <line number="156" hits="1" branch="false" />
            <line number="158" hits="1" branch="false" />
            <line number="159" hits="1" branch="false" />
            <line number="161" hits="1" branch="false" />
            <line number="162" hits="1" branch="false" />
            <line number="163" hits="1" branch="false" />
            <line number="165" hits="1" branch="false" />
            <line number="166" hits="1" branch="false" />
            <line number="167" hits="1" branch="false" />
            <line number="169" hits="1" branch="false" />
            <line number="170" hits="1" branch="false" />
            <line number="171" hits="1" branch="false" />
            <line number="172" hits="1" branch="false" />
          </lines>
        </class>
        <class name="Homework2.Tests.ToolBarCheckedTests" filename="C:\Users\USER\Desktop\Homework2\WindowsTests\Model\ToolBarCheckedTests.cs" line-rate="0.96" branch-rate="1" complexity="4">
          <methods>
            <method name="ToolBarCheckedTest" signature="()" line-rate="1" branch-rate="1" complexity="1">
              <lines>
                <line number="20" hits="1" branch="false" />
                <line number="21" hits="1" branch="false" />
                <line number="22" hits="1" branch="false" />
                <line number="23" hits="1" branch="false" />
                <line number="24" hits="1" branch="false" />
              </lines>
            </method>
            <method name="SetCheckedValueTest" signature="()" line-rate="1" branch-rate="1" complexity="1">
              <lines>
                <line number="29" hits="1" branch="false" />
                <line number="30" hits="1" branch="false" />
                <line number="32" hits="1" branch="false" />
                <line number="33" hits="1" branch="false" />
                <line number="34" hits="1" branch="false" />
                <line number="35" hits="1" branch="false" />
                <line number="37" hits="1" branch="false" />
                <line number="38" hits="1" branch="false" />
                <line number="39" hits="1" branch="false" />
              </lines>
            </method>
            <method name="IsDrawingStateTest" signature="()" line-rate="1" branch-rate="1" complexity="1">
              <lines>
                <line number="44" hits="1" branch="false" />
                <line number="45" hits="1" branch="false" />
                <line number="46" hits="1" branch="false" />
                <line number="48" hits="1" branch="false" />
                <line number="49" hits="1" branch="false" />
                <line number="51" hits="1" branch="false" />
                <line number="52" hits="1" branch="false" />
                <line number="53" hits="1" branch="false" />
              </lines>
            </method>
            <method name="NotifyPropertyChangedTest" signature="()" line-rate="0.666666666666667" branch-rate="1" complexity="1">
              <lines>
                <line number="57" hits="1" branch="false" />
                <line number="58" hits="1" branch="false" />
                <line number="59" hits="0" branch="false" />
              </lines>
            </method>
          </methods>
          <lines>
            <line number="20" hits="1" branch="false" />
            <line number="21" hits="1" branch="false" />
            <line number="22" hits="1" branch="false" />
            <line number="23" hits="1" branch="false" />
            <line number="24" hits="1" branch="false" />
            <line number="29" hits="1" branch="false" />
            <line number="30" hits="1" branch="false" />
            <line number="32" hits="1" branch="false" />
            <line number="33" hits="1" branch="false" />
            <line number="34" hits="1" branch="false" />
            <line number="35" hits="1" branch="false" />
            <line number="37" hits="1" branch="false" />
            <line number="38" hits="1" branch="false" />
            <line number="39" hits="1" branch="false" />
            <line number="44" hits="1" branch="false" />
            <line number="45" hits="1" branch="false" />
            <line number="46" hits="1" branch="false" />
            <line number="48" hits="1" branch="false" />
            <line number="49" hits="1" branch="false" />
            <line number="51" hits="1" branch="false" />
            <line number="52" hits="1" branch="false" />
            <line number="53" hits="1" branch="false" />
            <line number="57" hits="1" branch="false" />
            <line number="58" hits="1" branch="false" />
            <line number="59" hits="0" branch="false" />
          </lines>
        </class>
        <class name="Homework2.Tests.ToolStripBindButtonTest" filename="C:\Users\USER\Desktop\Homework2\WindowsTests\ToolStripBindButtonTest.cs" line-rate="1" branch-rate="1" complexity="1">
          <methods>
            <method name="BindButtonTest" signature="()" line-rate="1" branch-rate="1" complexity="1">
              <lines>
                <line number="18" hits="1" branch="false" />
                <line number="19" hits="1" branch="false" />
                <line number="20" hits="1" branch="false" />
                <line number="21" hits="1" branch="false" />
                <line number="23" hits="1" branch="false" />
                <line number="24" hits="1" branch="false" />
                <line number="26" hits="1" branch="false" />
                <line number="27" hits="1" branch="false" />
                <line number="29" hits="1" branch="false" />
                <line number="30" hits="1" branch="false" />
              </lines>
            </method>
          </methods>
          <lines>
            <line number="18" hits="1" branch="false" />
            <line number="19" hits="1" branch="false" />
            <line number="20" hits="1" branch="false" />
            <line number="21" hits="1" branch="false" />
            <line number="23" hits="1" branch="false" />
            <line number="24" hits="1" branch="false" />
            <line number="26" hits="1" branch="false" />
            <line number="27" hits="1" branch="false" />
            <line number="29" hits="1" branch="false" />
            <line number="30" hits="1" branch="false" />
          </lines>
        </class>
        <class name="Homework2.Tests.UpLeftTest" filename="C:\Users\USER\Desktop\Homework2\WindowsTests\Model\DirectionTest.cs" line-rate="1" branch-rate="1" complexity="2">
          <methods>
            <method name="init" signature="()" line-rate="1" branch-rate="1" complexity="1">
              <lines>
                <line number="20" hits="1" branch="false" />
                <line number="21" hits="1" branch="false" />
                <line number="22" hits="1" branch="false" />
                <line number="23" hits="1" branch="false" />
                <line number="24" hits="1" branch="false" />
                <line number="25" hits="1" branch="false" />
              </lines>
            </method>
            <method name="IsClickBorderCircleTest" signature="()" line-rate="1" branch-rate="1" complexity="1">
              <lines>
                <line number="30" hits="1" branch="false" />
                <line number="31" hits="1" branch="false" />
                <line number="33" hits="1" branch="false" />
                <line number="34" hits="1" branch="false" />
                <line number="36" hits="1" branch="false" />
                <line number="37" hits="1" branch="false" />
                <line number="39" hits="1" branch="false" />
                <line number="40" hits="1" branch="false" />
                <line number="42" hits="1" branch="false" />
                <line number="43" hits="1" branch="false" />
                <line number="44" hits="1" branch="false" />
              </lines>
            </method>
          </methods>
          <lines>
            <line number="20" hits="1" branch="false" />
            <line number="21" hits="1" branch="false" />
            <line number="22" hits="1" branch="false" />
            <line number="23" hits="1" branch="false" />
            <line number="24" hits="1" branch="false" />
            <line number="25" hits="1" branch="false" />
            <line number="30" hits="1" branch="false" />
            <line number="31" hits="1" branch="false" />
            <line number="33" hits="1" branch="false" />
            <line number="34" hits="1" branch="false" />
            <line number="36" hits="1" branch="false" />
            <line number="37" hits="1" branch="false" />
            <line number="39" hits="1" branch="false" />
            <line number="40" hits="1" branch="false" />
            <line number="42" hits="1" branch="false" />
            <line number="43" hits="1" branch="false" />
            <line number="44" hits="1" branch="false" />
          </lines>
        </class>
      </classes>
    </package>
  </packages>
</coverage>