<?xml version="1.0" encoding="utf-8"?>
<CoverageSession xmlns:xsd="http://www.w3.org/2001/XMLSchema" xmlns:xsi="http://www.w3.org/2001/XMLSchema-instance" Version="4.7.922.0">
  <Summary numSequencePoints="1528" visitedSequencePoints="988" numBranchPoints="353" visitedBranchPoints="247" sequenceCoverage="64.66" branchCoverage="69.97" maxCyclomaticComplexity="5" minCyclomaticComplexity="1" maxCrapScore="30" minCrapScore="1" visitedClasses="26" numClasses="31" visitedMethods="172" numMethods="223" />
  <Modules>
    <Module hash="D2-AB-C9-E6-FD-3B-11-1F-DE-CF-56-76-FE-26-0E-E4-C2-AC-50-F6">
      <Summary numSequencePoints="575" visitedSequencePoints="564" numBranchPoints="65" visitedBranchPoints="65" sequenceCoverage="98.09" branchCoverage="100" maxCyclomaticComplexity="1" minCyclomaticComplexity="1" maxCrapScore="2" minCrapScore="1" visitedClasses="11" numClasses="11" visitedMethods="65" numMethods="65" />
      <ModulePath>C:\Users\USER\Desktop\Homework2\WindowsTests\bin\Debug\fine-code-coverage\build-output\WindowsTests.dll</ModulePath>
      <ModuleTime>2023-11-20T06:54:44.3248556Z</ModuleTime>
      <ModuleName>WindowsTests</ModuleName>
      <Files>
        <File uid="1" fullPath="C:\Users\USER\Desktop\Homework2\WindowsTests\DoubleBufferedPanelTests.cs" />
        <File uid="2" fullPath="C:\Users\USER\Desktop\Homework2\WindowsTests\Model\CircleTests.cs" />
        <File uid="3" fullPath="C:\Users\USER\Desktop\Homework2\WindowsTests\Model\DrawingStateTests.cs" />
        <File uid="4" fullPath="C:\Users\USER\Desktop\Homework2\WindowsTests\Model\FactoryTests.cs" />
        <File uid="5" fullPath="C:\Users\USER\Desktop\Homework2\WindowsTests\Model\LineTests.cs" />
        <File uid="6" fullPath="C:\Users\USER\Desktop\Homework2\WindowsTests\Model\ModelTests.cs" />
        <File uid="8" fullPath="C:\Users\USER\Desktop\Homework2\WindowsTests\Model\PresentationModelTests.cs" />
        <File uid="9" fullPath="C:\Users\USER\Desktop\Homework2\WindowsTests\Model\RectangleTests.cs" />
        <File uid="10" fullPath="C:\Users\USER\Desktop\Homework2\WindowsTests\Model\ShapesTests.cs" />
        <File uid="11" fullPath="C:\Users\USER\Desktop\Homework2\WindowsTests\Model\ToolBarCheckedTests.cs" />
      </Files>
      <Classes>
        <Class>
          <Summary numSequencePoints="5" visitedSequencePoints="5" numBranchPoints="1" visitedBranchPoints="1" sequenceCoverage="100" branchCoverage="100" maxCyclomaticComplexity="1" minCyclomaticComplexity="1" maxCrapScore="2" minCrapScore="1" visitedClasses="1" numClasses="1" visitedMethods="1" numMethods="1" />
          <FullName>Homework2.Tests.DoubleBufferedPanelTests</FullName>
          <Methods>
            <Method visited="true" cyclomaticComplexity="1" nPathComplexity="0" sequenceCoverage="100" branchCoverage="100" crapScore="1" isConstructor="false" isStatic="false" isGetter="false" isSetter="false">
              <Summary numSequencePoints="5" visitedSequencePoints="5" numBranchPoints="1" visitedBranchPoints="1" sequenceCoverage="100" branchCoverage="100" maxCyclomaticComplexity="1" minCyclomaticComplexity="1" maxCrapScore="1" minCrapScore="1" visitedClasses="0" numClasses="0" visitedMethods="1" numMethods="1" />
              <MetadataToken>100663297</MetadataToken>
              <Name>System.Void Homework2.Tests.DoubleBufferedPanelTests::DoubleBufferedPanelTest()</Name>
              <FileRef uid="1" />
              <SequencePoints>
                <SequencePoint vc="1" uspid="1" ordinal="0" offset="0" sl="17" sc="9" el="17" ec="10" bec="0" bev="0" fileid="1" />
                <SequencePoint vc="1" uspid="2" ordinal="1" offset="1" sl="18" sc="13" el="18" ec="81" bec="0" bev="0" fileid="1" />
                <SequencePoint vc="1" uspid="3" ordinal="2" offset="7" sl="19" sc="13" el="19" ec="82" bec="0" bev="0" fileid="1" />
                <SequencePoint vc="1" uspid="4" ordinal="3" offset="14" sl="20" sc="13" el="20" ec="85" bec="0" bev="0" fileid="1" />
                <SequencePoint vc="1" uspid="5" ordinal="4" offset="36" sl="21" sc="9" el="21" ec="10" bec="0" bev="0" fileid="1" />
              </SequencePoints>
              <BranchPoints />
              <MethodPoint xsi:type="SequencePoint" vc="1" uspid="1" ordinal="0" offset="0" sl="17" sc="9" el="17" ec="10" bec="0" bev="0" fileid="1" />
            </Method>
            <Method visited="false" cyclomaticComplexity="1" nPathComplexity="0" sequenceCoverage="0" branchCoverage="0" crapScore="2" isConstructor="true" isStatic="false" isGetter="false" isSetter="false">
              <Summary numSequencePoints="0" visitedSequencePoints="0" numBranchPoints="0" visitedBranchPoints="0" sequenceCoverage="0" branchCoverage="0" maxCyclomaticComplexity="1" minCyclomaticComplexity="1" maxCrapScore="2" minCrapScore="2" visitedClasses="0" numClasses="0" visitedMethods="0" numMethods="0" />
              <MetadataToken>100663298</MetadataToken>
              <Name>System.Void Homework2.Tests.DoubleBufferedPanelTests::.ctor()</Name>
              <SequencePoints />
              <BranchPoints />
              <MethodPoint vc="0" uspid="6" ordinal="0" offset="0" />
            </Method>
          </Methods>
        </Class>
        <Class>
          <Summary numSequencePoints="108" visitedSequencePoints="108" numBranchPoints="9" visitedBranchPoints="9" sequenceCoverage="100" branchCoverage="100" maxCyclomaticComplexity="1" minCyclomaticComplexity="1" maxCrapScore="2" minCrapScore="1" visitedClasses="1" numClasses="1" visitedMethods="9" numMethods="9" />
          <FullName>Homework2.Tests.CircleTests</FullName>
          <Methods>
            <Method visited="true" cyclomaticComplexity="1" nPathComplexity="0" sequenceCoverage="100" branchCoverage="100" crapScore="1" isConstructor="false" isStatic="false" isGetter="false" isSetter="false">
              <Summary numSequencePoints="8" visitedSequencePoints="8" numBranchPoints="1" visitedBranchPoints="1" sequenceCoverage="100" branchCoverage="100" maxCyclomaticComplexity="1" minCyclomaticComplexity="1" maxCrapScore="1" minCrapScore="1" visitedClasses="0" numClasses="0" visitedMethods="1" numMethods="1" />
              <MetadataToken>100663299</MetadataToken>
              <Name>System.Void Homework2.Tests.CircleTests::CircleTest()</Name>
              <FileRef uid="2" />
              <SequencePoints>
                <SequencePoint vc="1" uspid="7" ordinal="0" offset="0" sl="20" sc="9" el="20" ec="10" bec="0" bev="0" fileid="2" />
                <SequencePoint vc="1" uspid="8" ordinal="1" offset="1" sl="21" sc="13" el="21" ec="60" bec="0" bev="0" fileid="2" />
                <SequencePoint vc="1" uspid="9" ordinal="2" offset="17" sl="22" sc="13" el="22" ec="47" bec="0" bev="0" fileid="2" />
                <SequencePoint vc="1" uspid="10" ordinal="3" offset="39" sl="23" sc="13" el="23" ec="45" bec="0" bev="0" fileid="2" />
                <SequencePoint vc="1" uspid="11" ordinal="4" offset="61" sl="24" sc="13" el="24" ec="48" bec="0" bev="0" fileid="2" />
                <SequencePoint vc="1" uspid="12" ordinal="5" offset="83" sl="25" sc="13" el="25" ec="45" bec="0" bev="0" fileid="2" />
                <SequencePoint vc="1" uspid="13" ordinal="6" offset="105" sl="26" sc="13" el="26" ec="49" bec="0" bev="0" fileid="2" />
                <SequencePoint vc="1" uspid="14" ordinal="7" offset="127" sl="27" sc="9" el="27" ec="10" bec="0" bev="0" fileid="2" />
              </SequencePoints>
              <BranchPoints />
              <MethodPoint xsi:type="SequencePoint" vc="1" uspid="7" ordinal="0" offset="0" sl="20" sc="9" el="20" ec="10" bec="0" bev="0" fileid="2" />
            </Method>
            <Method visited="true" cyclomaticComplexity="1" nPathComplexity="0" sequenceCoverage="100" branchCoverage="100" crapScore="1" isConstructor="false" isStatic="false" isGetter="false" isSetter="false">
              <Summary numSequencePoints="6" visitedSequencePoints="6" numBranchPoints="1" visitedBranchPoints="1" sequenceCoverage="100" branchCoverage="100" maxCyclomaticComplexity="1" minCyclomaticComplexity="1" maxCrapScore="1" minCrapScore="1" visitedClasses="0" numClasses="0" visitedMethods="1" numMethods="1" />
              <MetadataToken>100663300</MetadataToken>
              <Name>System.Void Homework2.Tests.CircleTests::GetLocationTest()</Name>
              <FileRef uid="2" />
              <SequencePoints>
                <SequencePoint vc="1" uspid="15" ordinal="0" offset="0" sl="32" sc="9" el="32" ec="10" bec="0" bev="0" fileid="2" />
                <SequencePoint vc="1" uspid="16" ordinal="1" offset="1" sl="33" sc="13" el="33" ec="60" bec="0" bev="0" fileid="2" />
                <SequencePoint vc="1" uspid="17" ordinal="2" offset="17" sl="34" sc="13" el="34" ec="64" bec="0" bev="0" fileid="2" />
                <SequencePoint vc="1" uspid="18" ordinal="3" offset="23" sl="35" sc="13" el="35" ec="52" bec="0" bev="0" fileid="2" />
                <SequencePoint vc="1" uspid="19" ordinal="4" offset="35" sl="37" sc="13" el="37" ec="57" bec="0" bev="0" fileid="2" />
                <SequencePoint vc="1" uspid="20" ordinal="5" offset="43" sl="38" sc="9" el="38" ec="10" bec="0" bev="0" fileid="2" />
              </SequencePoints>
              <BranchPoints />
              <MethodPoint xsi:type="SequencePoint" vc="1" uspid="15" ordinal="0" offset="0" sl="32" sc="9" el="32" ec="10" bec="0" bev="0" fileid="2" />
            </Method>
            <Method visited="true" cyclomaticComplexity="1" nPathComplexity="0" sequenceCoverage="100" branchCoverage="100" crapScore="1" isConstructor="false" isStatic="false" isGetter="false" isSetter="false">
              <Summary numSequencePoints="21" visitedSequencePoints="21" numBranchPoints="1" visitedBranchPoints="1" sequenceCoverage="100" branchCoverage="100" maxCyclomaticComplexity="1" minCyclomaticComplexity="1" maxCrapScore="1" minCrapScore="1" visitedClasses="0" numClasses="0" visitedMethods="1" numMethods="1" />
              <MetadataToken>100663301</MetadataToken>
              <Name>System.Void Homework2.Tests.CircleTests::UpdateLocationTest()</Name>
              <FileRef uid="2" />
              <SequencePoints>
                <SequencePoint vc="1" uspid="21" ordinal="0" offset="0" sl="43" sc="9" el="43" ec="10" bec="0" bev="0" fileid="2" />
                <SequencePoint vc="1" uspid="22" ordinal="1" offset="1" sl="44" sc="13" el="44" ec="60" bec="0" bev="0" fileid="2" />
                <SequencePoint vc="1" uspid="23" ordinal="2" offset="17" sl="46" sc="13" el="46" ec="74" bec="0" bev="0" fileid="2" />
                <SequencePoint vc="1" uspid="24" ordinal="3" offset="47" sl="47" sc="13" el="47" ec="44" bec="0" bev="0" fileid="2" />
                <SequencePoint vc="1" uspid="25" ordinal="4" offset="66" sl="50" sc="13" el="50" ec="75" bec="0" bev="0" fileid="2" />
                <SequencePoint vc="1" uspid="26" ordinal="5" offset="102" sl="51" sc="13" el="51" ec="45" bec="0" bev="0" fileid="2" />
                <SequencePoint vc="1" uspid="27" ordinal="6" offset="124" sl="54" sc="13" el="54" ec="75" bec="0" bev="0" fileid="2" />
                <SequencePoint vc="1" uspid="28" ordinal="7" offset="154" sl="55" sc="13" el="55" ec="44" bec="0" bev="0" fileid="2" />
                <SequencePoint vc="1" uspid="29" ordinal="8" offset="173" sl="58" sc="13" el="58" ec="77" bec="0" bev="0" fileid="2" />
                <SequencePoint vc="1" uspid="30" ordinal="9" offset="215" sl="59" sc="13" el="59" ec="45" bec="0" bev="0" fileid="2" />
                <SequencePoint vc="1" uspid="31" ordinal="10" offset="237" sl="63" sc="13" el="63" ec="75" bec="0" bev="0" fileid="2" />
                <SequencePoint vc="1" uspid="32" ordinal="11" offset="273" sl="64" sc="13" el="64" ec="47" bec="0" bev="0" fileid="2" />
                <SequencePoint vc="1" uspid="33" ordinal="12" offset="292" sl="67" sc="13" el="67" ec="74" bec="0" bev="0" fileid="2" />
                <SequencePoint vc="1" uspid="34" ordinal="13" offset="322" sl="68" sc="13" el="68" ec="47" bec="0" bev="0" fileid="2" />
                <SequencePoint vc="1" uspid="35" ordinal="14" offset="341" sl="71" sc="13" el="71" ec="75" bec="0" bev="0" fileid="2" />
                <SequencePoint vc="1" uspid="36" ordinal="15" offset="371" sl="72" sc="13" el="72" ec="48" bec="0" bev="0" fileid="2" />
                <SequencePoint vc="1" uspid="37" ordinal="16" offset="390" sl="75" sc="13" el="75" ec="77" bec="0" bev="0" fileid="2" />
                <SequencePoint vc="1" uspid="38" ordinal="17" offset="432" sl="76" sc="13" el="76" ec="48" bec="0" bev="0" fileid="2" />
                <SequencePoint vc="1" uspid="39" ordinal="18" offset="451" sl="78" sc="13" el="78" ec="64" bec="0" bev="0" fileid="2" />
                <SequencePoint vc="1" uspid="40" ordinal="19" offset="457" sl="79" sc="13" el="79" ec="64" bec="0" bev="0" fileid="2" />
                <SequencePoint vc="1" uspid="41" ordinal="20" offset="475" sl="80" sc="9" el="80" ec="10" bec="0" bev="0" fileid="2" />
              </SequencePoints>
              <BranchPoints />
              <MethodPoint xsi:type="SequencePoint" vc="1" uspid="21" ordinal="0" offset="0" sl="43" sc="9" el="43" ec="10" bec="0" bev="0" fileid="2" />
            </Method>
            <Method visited="true" cyclomaticComplexity="1" nPathComplexity="0" sequenceCoverage="100" branchCoverage="100" crapScore="1" isConstructor="false" isStatic="false" isGetter="false" isSetter="false">
              <Summary numSequencePoints="38" visitedSequencePoints="38" numBranchPoints="1" visitedBranchPoints="1" sequenceCoverage="100" branchCoverage="100" maxCyclomaticComplexity="1" minCyclomaticComplexity="1" maxCrapScore="1" minCrapScore="1" visitedClasses="0" numClasses="0" visitedMethods="1" numMethods="1" />
              <MetadataToken>100663302</MetadataToken>
              <Name>System.Void Homework2.Tests.CircleTests::DrawTest()</Name>
              <FileRef uid="2" />
              <SequencePoints>
                <SequencePoint vc="1" uspid="42" ordinal="0" offset="0" sl="85" sc="9" el="85" ec="10" bec="0" bev="0" fileid="2" />
                <SequencePoint vc="1" uspid="43" ordinal="1" offset="1" sl="86" sc="13" el="86" ec="25" bec="0" bev="0" fileid="2" />
                <SequencePoint vc="1" uspid="44" ordinal="2" offset="7" sl="87" sc="13" el="87" ec="25" bec="0" bev="0" fileid="2" />
                <SequencePoint vc="1" uspid="45" ordinal="3" offset="13" sl="88" sc="13" el="88" ec="29" bec="0" bev="0" fileid="2" />
                <SequencePoint vc="1" uspid="46" ordinal="4" offset="19" sl="89" sc="13" el="89" ec="30" bec="0" bev="0" fileid="2" />
                <SequencePoint vc="1" uspid="47" ordinal="5" offset="25" sl="90" sc="13" el="90" ec="23" bec="0" bev="0" fileid="2" />
                <SequencePoint vc="1" uspid="48" ordinal="6" offset="28" sl="91" sc="13" el="91" ec="60" bec="0" bev="0" fileid="2" />
                <SequencePoint vc="1" uspid="49" ordinal="7" offset="44" sl="92" sc="13" el="92" ec="60" bec="0" bev="0" fileid="2" />
                <SequencePoint vc="1" uspid="50" ordinal="8" offset="51" sl="93" sc="13" el="93" ec="39" bec="0" bev="0" fileid="2" />
                <SequencePoint vc="1" uspid="51" ordinal="9" offset="65" sl="94" sc="13" el="94" ec="50" bec="0" bev="0" fileid="2" />
                <SequencePoint vc="1" uspid="52" ordinal="10" offset="79" sl="95" sc="13" el="95" ec="50" bec="0" bev="0" fileid="2" />
                <SequencePoint vc="1" uspid="53" ordinal="11" offset="93" sl="96" sc="13" el="96" ec="57" bec="0" bev="0" fileid="2" />
                <SequencePoint vc="1" uspid="54" ordinal="12" offset="107" sl="97" sc="13" el="97" ec="59" bec="0" bev="0" fileid="2" />
                <SequencePoint vc="1" uspid="55" ordinal="13" offset="121" sl="98" sc="13" el="98" ec="56" bec="0" bev="0" fileid="2" />
                <SequencePoint vc="1" uspid="56" ordinal="14" offset="135" sl="100" sc="13" el="100" ec="36" bec="0" bev="0" fileid="2" />
                <SequencePoint vc="1" uspid="57" ordinal="15" offset="148" sl="101" sc="13" el="101" ec="39" bec="0" bev="0" fileid="2" />
                <SequencePoint vc="1" uspid="58" ordinal="16" offset="162" sl="102" sc="13" el="102" ec="57" bec="0" bev="0" fileid="2" />
                <SequencePoint vc="1" uspid="59" ordinal="17" offset="177" sl="103" sc="13" el="103" ec="50" bec="0" bev="0" fileid="2" />
                <SequencePoint vc="1" uspid="60" ordinal="18" offset="191" sl="104" sc="13" el="104" ec="50" bec="0" bev="0" fileid="2" />
                <SequencePoint vc="1" uspid="61" ordinal="19" offset="205" sl="105" sc="13" el="105" ec="57" bec="0" bev="0" fileid="2" />
                <SequencePoint vc="1" uspid="62" ordinal="20" offset="219" sl="106" sc="13" el="106" ec="59" bec="0" bev="0" fileid="2" />
                <SequencePoint vc="1" uspid="63" ordinal="21" offset="233" sl="108" sc="13" el="108" ec="59" bec="0" bev="0" fileid="2" />
                <SequencePoint vc="1" uspid="64" ordinal="22" offset="250" sl="109" sc="13" el="109" ec="59" bec="0" bev="0" fileid="2" />
                <SequencePoint vc="1" uspid="65" ordinal="23" offset="267" sl="111" sc="13" el="111" ec="69" bec="0" bev="0" fileid="2" />
                <SequencePoint vc="1" uspid="66" ordinal="24" offset="288" sl="112" sc="13" el="112" ec="55" bec="0" bev="0" fileid="2" />
                <SequencePoint vc="1" uspid="67" ordinal="25" offset="305" sl="114" sc="13" el="114" ec="68" bec="0" bev="0" fileid="2" />
                <SequencePoint vc="1" uspid="68" ordinal="26" offset="324" sl="115" sc="13" el="115" ec="60" bec="0" bev="0" fileid="2" />
                <SequencePoint vc="1" uspid="69" ordinal="27" offset="341" sl="117" sc="13" el="117" ec="66" bec="0" bev="0" fileid="2" />
                <SequencePoint vc="1" uspid="70" ordinal="28" offset="360" sl="118" sc="13" el="118" ec="73" bec="0" bev="0" fileid="2" />
                <SequencePoint vc="1" uspid="71" ordinal="29" offset="381" sl="120" sc="13" el="120" ec="70" bec="0" bev="0" fileid="2" />
                <SequencePoint vc="1" uspid="72" ordinal="30" offset="400" sl="121" sc="13" el="121" ec="71" bec="0" bev="0" fileid="2" />
                <SequencePoint vc="1" uspid="73" ordinal="31" offset="419" sl="123" sc="13" el="123" ec="71" bec="0" bev="0" fileid="2" />
                <SequencePoint vc="1" uspid="74" ordinal="32" offset="440" sl="124" sc="13" el="124" ec="66" bec="0" bev="0" fileid="2" />
                <SequencePoint vc="1" uspid="75" ordinal="33" offset="459" sl="126" sc="13" el="126" ec="61" bec="0" bev="0" fileid="2" />
                <SequencePoint vc="1" uspid="76" ordinal="34" offset="476" sl="127" sc="13" el="127" ec="70" bec="0" bev="0" fileid="2" />
                <SequencePoint vc="1" uspid="77" ordinal="35" offset="495" sl="129" sc="13" el="129" ec="57" bec="0" bev="0" fileid="2" />
                <SequencePoint vc="1" uspid="78" ordinal="36" offset="512" sl="130" sc="13" el="130" ec="72" bec="0" bev="0" fileid="2" />
                <SequencePoint vc="1" uspid="79" ordinal="37" offset="533" sl="131" sc="9" el="131" ec="10" bec="0" bev="0" fileid="2" />
              </SequencePoints>
              <BranchPoints />
              <MethodPoint xsi:type="SequencePoint" vc="1" uspid="42" ordinal="0" offset="0" sl="85" sc="9" el="85" ec="10" bec="0" bev="0" fileid="2" />
            </Method>
            <Method visited="true" cyclomaticComplexity="1" nPathComplexity="0" sequenceCoverage="100" branchCoverage="100" crapScore="1" isConstructor="false" isStatic="false" isGetter="false" isSetter="false">
              <Summary numSequencePoints="7" visitedSequencePoints="7" numBranchPoints="1" visitedBranchPoints="1" sequenceCoverage="100" branchCoverage="100" maxCyclomaticComplexity="1" minCyclomaticComplexity="1" maxCrapScore="1" minCrapScore="1" visitedClasses="0" numClasses="0" visitedMethods="1" numMethods="1" />
              <MetadataToken>100663303</MetadataToken>
              <Name>System.Void Homework2.Tests.CircleTests::IsRangeInPointTest()</Name>
              <FileRef uid="2" />
              <SequencePoints>
                <SequencePoint vc="1" uspid="80" ordinal="0" offset="0" sl="136" sc="9" el="136" ec="10" bec="0" bev="0" fileid="2" />
                <SequencePoint vc="1" uspid="81" ordinal="1" offset="1" sl="137" sc="13" el="137" ec="60" bec="0" bev="0" fileid="2" />
                <SequencePoint vc="1" uspid="82" ordinal="2" offset="17" sl="138" sc="13" el="138" ec="48" bec="0" bev="0" fileid="2" />
                <SequencePoint vc="1" uspid="83" ordinal="3" offset="34" sl="139" sc="13" el="139" ec="49" bec="0" bev="0" fileid="2" />
                <SequencePoint vc="1" uspid="84" ordinal="4" offset="51" sl="140" sc="13" el="140" ec="58" bec="0" bev="0" fileid="2" />
                <SequencePoint vc="1" uspid="85" ordinal="5" offset="69" sl="141" sc="13" el="141" ec="60" bec="0" bev="0" fileid="2" />
                <SequencePoint vc="1" uspid="86" ordinal="6" offset="87" sl="142" sc="9" el="142" ec="10" bec="0" bev="0" fileid="2" />
              </SequencePoints>
              <BranchPoints />
              <MethodPoint xsi:type="SequencePoint" vc="1" uspid="80" ordinal="0" offset="0" sl="136" sc="9" el="136" ec="10" bec="0" bev="0" fileid="2" />
            </Method>
            <Method visited="true" cyclomaticComplexity="1" nPathComplexity="0" sequenceCoverage="100" branchCoverage="100" crapScore="1" isConstructor="false" isStatic="false" isGetter="false" isSetter="false">
              <Summary numSequencePoints="12" visitedSequencePoints="12" numBranchPoints="1" visitedBranchPoints="1" sequenceCoverage="100" branchCoverage="100" maxCyclomaticComplexity="1" minCyclomaticComplexity="1" maxCrapScore="1" minCrapScore="1" visitedClasses="0" numClasses="0" visitedMethods="1" numMethods="1" />
              <MetadataToken>100663304</MetadataToken>
              <Name>System.Void Homework2.Tests.CircleTests::IsRangeInAreaTest()</Name>
              <FileRef uid="2" />
              <SequencePoints>
                <SequencePoint vc="1" uspid="87" ordinal="0" offset="0" sl="147" sc="9" el="147" ec="10" bec="0" bev="0" fileid="2" />
                <SequencePoint vc="1" uspid="88" ordinal="1" offset="1" sl="148" sc="13" el="148" ec="60" bec="0" bev="0" fileid="2" />
                <SequencePoint vc="1" uspid="89" ordinal="2" offset="17" sl="149" sc="13" el="149" ec="58" bec="0" bev="0" fileid="2" />
                <SequencePoint vc="1" uspid="90" ordinal="3" offset="34" sl="150" sc="13" el="150" ec="59" bec="0" bev="0" fileid="2" />
                <SequencePoint vc="1" uspid="91" ordinal="4" offset="51" sl="152" sc="13" el="152" ec="59" bec="0" bev="0" fileid="2" />
                <SequencePoint vc="1" uspid="92" ordinal="5" offset="68" sl="153" sc="13" el="153" ec="60" bec="0" bev="0" fileid="2" />
                <SequencePoint vc="1" uspid="93" ordinal="6" offset="85" sl="155" sc="13" el="155" ec="57" bec="0" bev="0" fileid="2" />
                <SequencePoint vc="1" uspid="94" ordinal="7" offset="96" sl="156" sc="13" el="156" ec="60" bec="0" bev="0" fileid="2" />
                <SequencePoint vc="1" uspid="95" ordinal="8" offset="107" sl="158" sc="13" el="158" ec="86" bec="0" bev="0" fileid="2" />
                <SequencePoint vc="1" uspid="96" ordinal="9" offset="126" sl="159" sc="13" el="159" ec="89" bec="0" bev="0" fileid="2" />
                <SequencePoint vc="1" uspid="97" ordinal="10" offset="145" sl="160" sc="13" el="160" ec="89" bec="0" bev="0" fileid="2" />
                <SequencePoint vc="1" uspid="98" ordinal="11" offset="166" sl="161" sc="9" el="161" ec="10" bec="0" bev="0" fileid="2" />
              </SequencePoints>
              <BranchPoints />
              <MethodPoint xsi:type="SequencePoint" vc="1" uspid="87" ordinal="0" offset="0" sl="147" sc="9" el="147" ec="10" bec="0" bev="0" fileid="2" />
            </Method>
            <Method visited="true" cyclomaticComplexity="1" nPathComplexity="0" sequenceCoverage="100" branchCoverage="100" crapScore="1" isConstructor="false" isStatic="false" isGetter="false" isSetter="false">
              <Summary numSequencePoints="6" visitedSequencePoints="6" numBranchPoints="1" visitedBranchPoints="1" sequenceCoverage="100" branchCoverage="100" maxCyclomaticComplexity="1" minCyclomaticComplexity="1" maxCrapScore="1" minCrapScore="1" visitedClasses="0" numClasses="0" visitedMethods="1" numMethods="1" />
              <MetadataToken>100663305</MetadataToken>
              <Name>System.Void Homework2.Tests.CircleTests::MoveTest()</Name>
              <FileRef uid="2" />
              <SequencePoints>
                <SequencePoint vc="1" uspid="99" ordinal="0" offset="0" sl="166" sc="9" el="166" ec="10" bec="0" bev="0" fileid="2" />
                <SequencePoint vc="1" uspid="100" ordinal="1" offset="1" sl="167" sc="13" el="167" ec="60" bec="0" bev="0" fileid="2" />
                <SequencePoint vc="1" uspid="101" ordinal="2" offset="17" sl="168" sc="13" el="168" ec="44" bec="0" bev="0" fileid="2" />
                <SequencePoint vc="1" uspid="102" ordinal="3" offset="38" sl="169" sc="13" el="169" ec="45" bec="0" bev="0" fileid="2" />
                <SequencePoint vc="1" uspid="103" ordinal="4" offset="60" sl="170" sc="13" el="170" ec="45" bec="0" bev="0" fileid="2" />
                <SequencePoint vc="1" uspid="104" ordinal="5" offset="82" sl="171" sc="9" el="171" ec="10" bec="0" bev="0" fileid="2" />
              </SequencePoints>
              <BranchPoints />
              <MethodPoint xsi:type="SequencePoint" vc="1" uspid="99" ordinal="0" offset="0" sl="166" sc="9" el="166" ec="10" bec="0" bev="0" fileid="2" />
            </Method>
            <Method visited="true" cyclomaticComplexity="1" nPathComplexity="0" sequenceCoverage="100" branchCoverage="100" crapScore="1" isConstructor="false" isStatic="false" isGetter="false" isSetter="false">
              <Summary numSequencePoints="5" visitedSequencePoints="5" numBranchPoints="1" visitedBranchPoints="1" sequenceCoverage="100" branchCoverage="100" maxCyclomaticComplexity="1" minCyclomaticComplexity="1" maxCrapScore="1" minCrapScore="1" visitedClasses="0" numClasses="0" visitedMethods="1" numMethods="1" />
              <MetadataToken>100663306</MetadataToken>
              <Name>System.Void Homework2.Tests.CircleTests::EqualsTest()</Name>
              <FileRef uid="2" />
              <SequencePoints>
                <SequencePoint vc="1" uspid="105" ordinal="0" offset="0" sl="176" sc="9" el="176" ec="10" bec="0" bev="0" fileid="2" />
                <SequencePoint vc="1" uspid="106" ordinal="1" offset="1" sl="177" sc="13" el="177" ec="60" bec="0" bev="0" fileid="2" />
                <SequencePoint vc="1" uspid="107" ordinal="2" offset="17" sl="178" sc="13" el="178" ec="49" bec="0" bev="0" fileid="2" />
                <SequencePoint vc="1" uspid="108" ordinal="3" offset="35" sl="179" sc="13" el="179" ec="81" bec="0" bev="0" fileid="2" />
                <SequencePoint vc="1" uspid="109" ordinal="4" offset="62" sl="180" sc="9" el="180" ec="10" bec="0" bev="0" fileid="2" />
              </SequencePoints>
              <BranchPoints />
              <MethodPoint xsi:type="SequencePoint" vc="1" uspid="105" ordinal="0" offset="0" sl="176" sc="9" el="176" ec="10" bec="0" bev="0" fileid="2" />
            </Method>
            <Method visited="true" cyclomaticComplexity="1" nPathComplexity="0" sequenceCoverage="100" branchCoverage="100" crapScore="1" isConstructor="false" isStatic="false" isGetter="false" isSetter="false">
              <Summary numSequencePoints="5" visitedSequencePoints="5" numBranchPoints="1" visitedBranchPoints="1" sequenceCoverage="100" branchCoverage="100" maxCyclomaticComplexity="1" minCyclomaticComplexity="1" maxCrapScore="1" minCrapScore="1" visitedClasses="0" numClasses="0" visitedMethods="1" numMethods="1" />
              <MetadataToken>100663307</MetadataToken>
              <Name>System.Void Homework2.Tests.CircleTests::GetHashCodeTest()</Name>
              <FileRef uid="2" />
              <SequencePoints>
                <SequencePoint vc="1" uspid="110" ordinal="0" offset="0" sl="185" sc="9" el="185" ec="10" bec="0" bev="0" fileid="2" />
                <SequencePoint vc="1" uspid="111" ordinal="1" offset="1" sl="186" sc="13" el="186" ec="60" bec="0" bev="0" fileid="2" />
                <SequencePoint vc="1" uspid="112" ordinal="2" offset="17" sl="187" sc="13" el="187" ec="68" bec="0" bev="0" fileid="2" />
                <SequencePoint vc="1" uspid="113" ordinal="3" offset="28" sl="188" sc="13" el="188" ec="74" bec="0" bev="0" fileid="2" />
                <SequencePoint vc="1" uspid="114" ordinal="4" offset="51" sl="189" sc="9" el="189" ec="10" bec="0" bev="0" fileid="2" />
              </SequencePoints>
              <BranchPoints />
              <MethodPoint xsi:type="SequencePoint" vc="1" uspid="110" ordinal="0" offset="0" sl="185" sc="9" el="185" ec="10" bec="0" bev="0" fileid="2" />
            </Method>
            <Method visited="false" cyclomaticComplexity="1" nPathComplexity="0" sequenceCoverage="0" branchCoverage="0" crapScore="2" isConstructor="true" isStatic="false" isGetter="false" isSetter="false">
              <Summary numSequencePoints="0" visitedSequencePoints="0" numBranchPoints="0" visitedBranchPoints="0" sequenceCoverage="0" branchCoverage="0" maxCyclomaticComplexity="1" minCyclomaticComplexity="1" maxCrapScore="2" minCrapScore="2" visitedClasses="0" numClasses="0" visitedMethods="0" numMethods="0" />
              <MetadataToken>100663308</MetadataToken>
              <Name>System.Void Homework2.Tests.CircleTests::.ctor()</Name>
              <SequencePoints />
              <BranchPoints />
              <MethodPoint vc="0" uspid="115" ordinal="0" offset="0" />
            </Method>
          </Methods>
        </Class>
        <Class>
          <Summary numSequencePoints="17" visitedSequencePoints="14" numBranchPoints="4" visitedBranchPoints="4" sequenceCoverage="82.35" branchCoverage="100" maxCyclomaticComplexity="1" minCyclomaticComplexity="1" maxCrapScore="2" minCrapScore="1" visitedClasses="1" numClasses="1" visitedMethods="4" numMethods="4" />
          <FullName>Homework2.Tests.DrawingStateTests</FullName>
          <Methods>
            <Method visited="true" cyclomaticComplexity="1" nPathComplexity="0" sequenceCoverage="100" branchCoverage="100" crapScore="1" isConstructor="false" isStatic="false" isGetter="false" isSetter="false">
              <Summary numSequencePoints="8" visitedSequencePoints="8" numBranchPoints="1" visitedBranchPoints="1" sequenceCoverage="100" branchCoverage="100" maxCyclomaticComplexity="1" minCyclomaticComplexity="1" maxCrapScore="1" minCrapScore="1" visitedClasses="0" numClasses="0" visitedMethods="1" numMethods="1" />
              <MetadataToken>100663309</MetadataToken>
              <Name>System.Void Homework2.Tests.DrawingStateTests::DrawingStateTest()</Name>
              <FileRef uid="3" />
              <SequencePoints>
                <SequencePoint vc="1" uspid="116" ordinal="0" offset="0" sl="26" sc="9" el="26" ec="10" bec="0" bev="0" fileid="3" />
                <SequencePoint vc="1" uspid="117" ordinal="1" offset="1" sl="27" sc="13" el="27" ec="51" bec="0" bev="0" fileid="3" />
                <SequencePoint vc="1" uspid="118" ordinal="2" offset="13" sl="28" sc="13" el="28" ec="61" bec="0" bev="0" fileid="3" />
                <SequencePoint vc="1" uspid="119" ordinal="3" offset="30" sl="29" sc="13" el="29" ec="84" bec="0" bev="0" fileid="3" />
                <SequencePoint vc="1" uspid="120" ordinal="4" offset="57" sl="31" sc="13" el="31" ec="52" bec="0" bev="0" fileid="3" />
                <SequencePoint vc="1" uspid="121" ordinal="5" offset="69" sl="32" sc="13" el="32" ec="61" bec="0" bev="0" fileid="3" />
                <SequencePoint vc="1" uspid="122" ordinal="6" offset="86" sl="33" sc="13" el="33" ec="85" bec="0" bev="0" fileid="3" />
                <SequencePoint vc="1" uspid="123" ordinal="7" offset="113" sl="35" sc="9" el="35" ec="10" bec="0" bev="0" fileid="3" />
              </SequencePoints>
              <BranchPoints />
              <MethodPoint xsi:type="SequencePoint" vc="1" uspid="116" ordinal="0" offset="0" sl="26" sc="9" el="26" ec="10" bec="0" bev="0" fileid="3" />
            </Method>
            <Method visited="true" cyclomaticComplexity="1" nPathComplexity="0" sequenceCoverage="66.67" branchCoverage="100" crapScore="1.04" isConstructor="false" isStatic="false" isGetter="false" isSetter="false">
              <Summary numSequencePoints="3" visitedSequencePoints="2" numBranchPoints="1" visitedBranchPoints="1" sequenceCoverage="66.67" branchCoverage="100" maxCyclomaticComplexity="1" minCyclomaticComplexity="1" maxCrapScore="1.04" minCrapScore="1.04" visitedClasses="0" numClasses="0" visitedMethods="1" numMethods="1" />
              <MetadataToken>100663310</MetadataToken>
              <Name>System.Void Homework2.Tests.DrawingStateTests::PanelMouseDownTest()</Name>
              <FileRef uid="3" />
              <SequencePoints>
                <SequencePoint vc="1" uspid="124" ordinal="0" offset="0" sl="39" sc="9" el="39" ec="10" bec="0" bev="0" fileid="3" />
                <SequencePoint vc="1" uspid="125" ordinal="1" offset="1" sl="40" sc="13" el="40" ec="27" bec="0" bev="0" fileid="3" />
                <SequencePoint vc="0" uspid="126" ordinal="2" offset="7" sl="41" sc="9" el="41" ec="10" bec="0" bev="0" fileid="3" />
              </SequencePoints>
              <BranchPoints />
              <MethodPoint xsi:type="SequencePoint" vc="1" uspid="124" ordinal="0" offset="0" sl="39" sc="9" el="39" ec="10" bec="0" bev="0" fileid="3" />
            </Method>
            <Method visited="true" cyclomaticComplexity="1" nPathComplexity="0" sequenceCoverage="66.67" branchCoverage="100" crapScore="1.04" isConstructor="false" isStatic="false" isGetter="false" isSetter="false">
              <Summary numSequencePoints="3" visitedSequencePoints="2" numBranchPoints="1" visitedBranchPoints="1" sequenceCoverage="66.67" branchCoverage="100" maxCyclomaticComplexity="1" minCyclomaticComplexity="1" maxCrapScore="1.04" minCrapScore="1.04" visitedClasses="0" numClasses="0" visitedMethods="1" numMethods="1" />
              <MetadataToken>100663311</MetadataToken>
              <Name>System.Void Homework2.Tests.DrawingStateTests::PanelMouseMoveTest()</Name>
              <FileRef uid="3" />
              <SequencePoints>
                <SequencePoint vc="1" uspid="127" ordinal="0" offset="0" sl="45" sc="9" el="45" ec="10" bec="0" bev="0" fileid="3" />
                <SequencePoint vc="1" uspid="128" ordinal="1" offset="1" sl="46" sc="13" el="46" ec="27" bec="0" bev="0" fileid="3" />
                <SequencePoint vc="0" uspid="129" ordinal="2" offset="7" sl="47" sc="9" el="47" ec="10" bec="0" bev="0" fileid="3" />
              </SequencePoints>
              <BranchPoints />
              <MethodPoint xsi:type="SequencePoint" vc="1" uspid="127" ordinal="0" offset="0" sl="45" sc="9" el="45" ec="10" bec="0" bev="0" fileid="3" />
            </Method>
            <Method visited="true" cyclomaticComplexity="1" nPathComplexity="0" sequenceCoverage="66.67" branchCoverage="100" crapScore="1.04" isConstructor="false" isStatic="false" isGetter="false" isSetter="false">
              <Summary numSequencePoints="3" visitedSequencePoints="2" numBranchPoints="1" visitedBranchPoints="1" sequenceCoverage="66.67" branchCoverage="100" maxCyclomaticComplexity="1" minCyclomaticComplexity="1" maxCrapScore="1.04" minCrapScore="1.04" visitedClasses="0" numClasses="0" visitedMethods="1" numMethods="1" />
              <MetadataToken>100663312</MetadataToken>
              <Name>System.Void Homework2.Tests.DrawingStateTests::PanelMouseUpTest()</Name>
              <FileRef uid="3" />
              <SequencePoints>
                <SequencePoint vc="1" uspid="130" ordinal="0" offset="0" sl="51" sc="9" el="51" ec="10" bec="0" bev="0" fileid="3" />
                <SequencePoint vc="1" uspid="131" ordinal="1" offset="1" sl="52" sc="13" el="52" ec="27" bec="0" bev="0" fileid="3" />
                <SequencePoint vc="0" uspid="132" ordinal="2" offset="7" sl="53" sc="9" el="53" ec="10" bec="0" bev="0" fileid="3" />
              </SequencePoints>
              <BranchPoints />
              <MethodPoint xsi:type="SequencePoint" vc="1" uspid="130" ordinal="0" offset="0" sl="51" sc="9" el="51" ec="10" bec="0" bev="0" fileid="3" />
            </Method>
            <Method visited="false" cyclomaticComplexity="1" nPathComplexity="0" sequenceCoverage="0" branchCoverage="0" crapScore="2" isConstructor="true" isStatic="false" isGetter="false" isSetter="false">
              <Summary numSequencePoints="0" visitedSequencePoints="0" numBranchPoints="0" visitedBranchPoints="0" sequenceCoverage="0" branchCoverage="0" maxCyclomaticComplexity="1" minCyclomaticComplexity="1" maxCrapScore="2" minCrapScore="2" visitedClasses="0" numClasses="0" visitedMethods="0" numMethods="0" />
              <MetadataToken>100663313</MetadataToken>
              <Name>System.Void Homework2.Tests.DrawingStateTests::.ctor()</Name>
              <SequencePoints />
              <BranchPoints />
              <MethodPoint vc="0" uspid="133" ordinal="0" offset="0" />
            </Method>
          </Methods>
        </Class>
        <Class>
          <Summary numSequencePoints="15" visitedSequencePoints="15" numBranchPoints="1" visitedBranchPoints="1" sequenceCoverage="100" branchCoverage="100" maxCyclomaticComplexity="1" minCyclomaticComplexity="1" maxCrapScore="2" minCrapScore="1" visitedClasses="1" numClasses="1" visitedMethods="1" numMethods="1" />
          <FullName>Homework2.Tests.FactoryTests</FullName>
          <Methods>
            <Method visited="true" cyclomaticComplexity="1" nPathComplexity="0" sequenceCoverage="100" branchCoverage="100" crapScore="1" isConstructor="false" isStatic="false" isGetter="false" isSetter="false">
              <Summary numSequencePoints="15" visitedSequencePoints="15" numBranchPoints="1" visitedBranchPoints="1" sequenceCoverage="100" branchCoverage="100" maxCyclomaticComplexity="1" minCyclomaticComplexity="1" maxCrapScore="1" minCrapScore="1" visitedClasses="0" numClasses="0" visitedMethods="1" numMethods="1" />
              <MetadataToken>100663314</MetadataToken>
              <Name>System.Void Homework2.Tests.FactoryTests::CreateShapeTest()</Name>
              <FileRef uid="4" />
              <SequencePoints>
                <SequencePoint vc="1" uspid="134" ordinal="0" offset="0" sl="20" sc="9" el="20" ec="10" bec="0" bev="0" fileid="4" />
                <SequencePoint vc="1" uspid="135" ordinal="1" offset="1" sl="21" sc="13" el="21" ec="37" bec="0" bev="0" fileid="4" />
                <SequencePoint vc="1" uspid="136" ordinal="2" offset="12" sl="23" sc="13" el="23" ec="53" bec="0" bev="0" fileid="4" />
                <SequencePoint vc="1" uspid="137" ordinal="3" offset="29" sl="24" sc="13" el="24" ec="66" bec="0" bev="0" fileid="4" />
                <SequencePoint vc="1" uspid="138" ordinal="4" offset="45" sl="25" sc="13" el="25" ec="51" bec="0" bev="0" fileid="4" />
                <SequencePoint vc="1" uspid="139" ordinal="5" offset="58" sl="28" sc="13" el="28" ec="46" bec="0" bev="0" fileid="4" />
                <SequencePoint vc="1" uspid="140" ordinal="6" offset="75" sl="29" sc="13" el="29" ec="61" bec="0" bev="0" fileid="4" />
                <SequencePoint vc="1" uspid="141" ordinal="7" offset="91" sl="30" sc="13" el="30" ec="51" bec="0" bev="0" fileid="4" />
                <SequencePoint vc="1" uspid="142" ordinal="8" offset="104" sl="33" sc="13" el="33" ec="46" bec="0" bev="0" fileid="4" />
                <SequencePoint vc="1" uspid="143" ordinal="9" offset="121" sl="34" sc="13" el="34" ec="63" bec="0" bev="0" fileid="4" />
                <SequencePoint vc="1" uspid="144" ordinal="10" offset="137" sl="35" sc="13" el="35" ec="51" bec="0" bev="0" fileid="4" />
                <SequencePoint vc="1" uspid="145" ordinal="11" offset="150" sl="38" sc="13" el="38" ec="47" bec="0" bev="0" fileid="4" />
                <SequencePoint vc="1" uspid="146" ordinal="12" offset="167" sl="39" sc="13" el="39" ec="34" bec="0" bev="0" fileid="4" />
                <SequencePoint vc="1" uspid="147" ordinal="13" offset="174" sl="40" sc="13" el="40" ec="51" bec="0" bev="0" fileid="4" />
                <SequencePoint vc="1" uspid="148" ordinal="14" offset="187" sl="41" sc="9" el="41" ec="10" bec="0" bev="0" fileid="4" />
              </SequencePoints>
              <BranchPoints />
              <MethodPoint xsi:type="SequencePoint" vc="1" uspid="134" ordinal="0" offset="0" sl="20" sc="9" el="20" ec="10" bec="0" bev="0" fileid="4" />
            </Method>
            <Method visited="false" cyclomaticComplexity="1" nPathComplexity="0" sequenceCoverage="0" branchCoverage="0" crapScore="2" isConstructor="true" isStatic="false" isGetter="false" isSetter="false">
              <Summary numSequencePoints="0" visitedSequencePoints="0" numBranchPoints="0" visitedBranchPoints="0" sequenceCoverage="0" branchCoverage="0" maxCyclomaticComplexity="1" minCyclomaticComplexity="1" maxCrapScore="2" minCrapScore="2" visitedClasses="0" numClasses="0" visitedMethods="0" numMethods="0" />
              <MetadataToken>100663315</MetadataToken>
              <Name>System.Void Homework2.Tests.FactoryTests::.ctor()</Name>
              <SequencePoints />
              <BranchPoints />
              <MethodPoint vc="0" uspid="149" ordinal="0" offset="0" />
            </Method>
          </Methods>
        </Class>
        <Class>
          <Summary numSequencePoints="122" visitedSequencePoints="122" numBranchPoints="9" visitedBranchPoints="9" sequenceCoverage="100" branchCoverage="100" maxCyclomaticComplexity="1" minCyclomaticComplexity="1" maxCrapScore="2" minCrapScore="1" visitedClasses="1" numClasses="1" visitedMethods="9" numMethods="9" />
          <FullName>Homework2.Tests.LineTests</FullName>
          <Methods>
            <Method visited="true" cyclomaticComplexity="1" nPathComplexity="0" sequenceCoverage="100" branchCoverage="100" crapScore="1" isConstructor="false" isStatic="false" isGetter="false" isSetter="false">
              <Summary numSequencePoints="8" visitedSequencePoints="8" numBranchPoints="1" visitedBranchPoints="1" sequenceCoverage="100" branchCoverage="100" maxCyclomaticComplexity="1" minCyclomaticComplexity="1" maxCrapScore="1" minCrapScore="1" visitedClasses="0" numClasses="0" visitedMethods="1" numMethods="1" />
              <MetadataToken>100663316</MetadataToken>
              <Name>System.Void Homework2.Tests.LineTests::LineTest()</Name>
              <FileRef uid="5" />
              <SequencePoints>
                <SequencePoint vc="1" uspid="150" ordinal="0" offset="0" sl="20" sc="9" el="20" ec="10" bec="0" bev="0" fileid="5" />
                <SequencePoint vc="1" uspid="151" ordinal="1" offset="1" sl="21" sc="13" el="21" ec="56" bec="0" bev="0" fileid="5" />
                <SequencePoint vc="1" uspid="152" ordinal="2" offset="17" sl="22" sc="13" el="22" ec="45" bec="0" bev="0" fileid="5" />
                <SequencePoint vc="1" uspid="153" ordinal="3" offset="39" sl="23" sc="13" el="23" ec="43" bec="0" bev="0" fileid="5" />
                <SequencePoint vc="1" uspid="154" ordinal="4" offset="61" sl="24" sc="13" el="24" ec="43" bec="0" bev="0" fileid="5" />
                <SequencePoint vc="1" uspid="155" ordinal="5" offset="83" sl="25" sc="13" el="25" ec="43" bec="0" bev="0" fileid="5" />
                <SequencePoint vc="1" uspid="156" ordinal="6" offset="105" sl="26" sc="13" el="26" ec="43" bec="0" bev="0" fileid="5" />
                <SequencePoint vc="1" uspid="157" ordinal="7" offset="127" sl="27" sc="9" el="27" ec="10" bec="0" bev="0" fileid="5" />
              </SequencePoints>
              <BranchPoints />
              <MethodPoint xsi:type="SequencePoint" vc="1" uspid="150" ordinal="0" offset="0" sl="20" sc="9" el="20" ec="10" bec="0" bev="0" fileid="5" />
            </Method>
            <Method visited="true" cyclomaticComplexity="1" nPathComplexity="0" sequenceCoverage="100" branchCoverage="100" crapScore="1" isConstructor="false" isStatic="false" isGetter="false" isSetter="false">
              <Summary numSequencePoints="8" visitedSequencePoints="8" numBranchPoints="1" visitedBranchPoints="1" sequenceCoverage="100" branchCoverage="100" maxCyclomaticComplexity="1" minCyclomaticComplexity="1" maxCrapScore="1" minCrapScore="1" visitedClasses="0" numClasses="0" visitedMethods="1" numMethods="1" />
              <MetadataToken>100663317</MetadataToken>
              <Name>System.Void Homework2.Tests.LineTests::GetLocationTest()</Name>
              <FileRef uid="5" />
              <SequencePoints>
                <SequencePoint vc="1" uspid="158" ordinal="0" offset="0" sl="32" sc="9" el="32" ec="10" bec="0" bev="0" fileid="5" />
                <SequencePoint vc="1" uspid="159" ordinal="1" offset="1" sl="33" sc="13" el="33" ec="56" bec="0" bev="0" fileid="5" />
                <SequencePoint vc="1" uspid="160" ordinal="2" offset="17" sl="34" sc="13" el="34" ec="27" bec="0" bev="0" fileid="5" />
                <SequencePoint vc="1" uspid="161" ordinal="3" offset="34" sl="35" sc="13" el="35" ec="27" bec="0" bev="0" fileid="5" />
                <SequencePoint vc="1" uspid="162" ordinal="4" offset="51" sl="36" sc="13" el="36" ec="64" bec="0" bev="0" fileid="5" />
                <SequencePoint vc="1" uspid="163" ordinal="5" offset="57" sl="37" sc="13" el="37" ec="50" bec="0" bev="0" fileid="5" />
                <SequencePoint vc="1" uspid="164" ordinal="6" offset="69" sl="39" sc="13" el="39" ec="57" bec="0" bev="0" fileid="5" />
                <SequencePoint vc="1" uspid="165" ordinal="7" offset="77" sl="40" sc="9" el="40" ec="10" bec="0" bev="0" fileid="5" />
              </SequencePoints>
              <BranchPoints />
              <MethodPoint xsi:type="SequencePoint" vc="1" uspid="158" ordinal="0" offset="0" sl="32" sc="9" el="32" ec="10" bec="0" bev="0" fileid="5" />
            </Method>
            <Method visited="true" cyclomaticComplexity="1" nPathComplexity="0" sequenceCoverage="100" branchCoverage="100" crapScore="1" isConstructor="false" isStatic="false" isGetter="false" isSetter="false">
              <Summary numSequencePoints="21" visitedSequencePoints="21" numBranchPoints="1" visitedBranchPoints="1" sequenceCoverage="100" branchCoverage="100" maxCyclomaticComplexity="1" minCyclomaticComplexity="1" maxCrapScore="1" minCrapScore="1" visitedClasses="0" numClasses="0" visitedMethods="1" numMethods="1" />
              <MetadataToken>100663318</MetadataToken>
              <Name>System.Void Homework2.Tests.LineTests::UpdateLocationTest()</Name>
              <FileRef uid="5" />
              <SequencePoints>
                <SequencePoint vc="1" uspid="166" ordinal="0" offset="0" sl="45" sc="9" el="45" ec="10" bec="0" bev="0" fileid="5" />
                <SequencePoint vc="1" uspid="167" ordinal="1" offset="1" sl="46" sc="13" el="46" ec="56" bec="0" bev="0" fileid="5" />
                <SequencePoint vc="1" uspid="168" ordinal="2" offset="17" sl="49" sc="13" el="49" ec="51" bec="0" bev="0" fileid="5" />
                <SequencePoint vc="1" uspid="169" ordinal="3" offset="28" sl="50" sc="13" el="50" ec="53" bec="0" bev="0" fileid="5" />
                <SequencePoint vc="1" uspid="170" ordinal="4" offset="45" sl="51" sc="13" el="51" ec="58" bec="0" bev="0" fileid="5" />
                <SequencePoint vc="1" uspid="171" ordinal="5" offset="59" sl="52" sc="13" el="52" ec="42" bec="0" bev="0" fileid="5" />
                <SequencePoint vc="1" uspid="172" ordinal="6" offset="78" sl="53" sc="13" el="53" ec="43" bec="0" bev="0" fileid="5" />
                <SequencePoint vc="1" uspid="173" ordinal="7" offset="97" sl="54" sc="13" el="54" ec="43" bec="0" bev="0" fileid="5" />
                <SequencePoint vc="1" uspid="174" ordinal="8" offset="119" sl="55" sc="13" el="55" ec="43" bec="0" bev="0" fileid="5" />
                <SequencePoint vc="1" uspid="175" ordinal="9" offset="141" sl="56" sc="13" el="56" ec="63" bec="0" bev="0" fileid="5" />
                <SequencePoint vc="1" uspid="176" ordinal="10" offset="147" sl="57" sc="13" el="57" ec="62" bec="0" bev="0" fileid="5" />
                <SequencePoint vc="1" uspid="177" ordinal="11" offset="165" sl="60" sc="13" el="60" ec="44" bec="0" bev="0" fileid="5" />
                <SequencePoint vc="1" uspid="178" ordinal="12" offset="176" sl="61" sc="13" el="61" ec="45" bec="0" bev="0" fileid="5" />
                <SequencePoint vc="1" uspid="179" ordinal="13" offset="187" sl="62" sc="13" el="62" ec="58" bec="0" bev="0" fileid="5" />
                <SequencePoint vc="1" uspid="180" ordinal="14" offset="201" sl="63" sc="13" el="63" ec="42" bec="0" bev="0" fileid="5" />
                <SequencePoint vc="1" uspid="181" ordinal="15" offset="220" sl="64" sc="13" el="64" ec="42" bec="0" bev="0" fileid="5" />
                <SequencePoint vc="1" uspid="182" ordinal="16" offset="239" sl="65" sc="13" el="65" ec="42" bec="0" bev="0" fileid="5" />
                <SequencePoint vc="1" uspid="183" ordinal="17" offset="258" sl="66" sc="13" el="66" ec="42" bec="0" bev="0" fileid="5" />
                <SequencePoint vc="1" uspid="184" ordinal="18" offset="277" sl="67" sc="13" el="67" ec="53" bec="0" bev="0" fileid="5" />
                <SequencePoint vc="1" uspid="185" ordinal="19" offset="283" sl="68" sc="13" el="68" ec="62" bec="0" bev="0" fileid="5" />
                <SequencePoint vc="1" uspid="186" ordinal="20" offset="301" sl="69" sc="9" el="69" ec="10" bec="0" bev="0" fileid="5" />
              </SequencePoints>
              <BranchPoints />
              <MethodPoint xsi:type="SequencePoint" vc="1" uspid="166" ordinal="0" offset="0" sl="45" sc="9" el="45" ec="10" bec="0" bev="0" fileid="5" />
            </Method>
            <Method visited="true" cyclomaticComplexity="1" nPathComplexity="0" sequenceCoverage="100" branchCoverage="100" crapScore="1" isConstructor="false" isStatic="false" isGetter="false" isSetter="false">
              <Summary numSequencePoints="42" visitedSequencePoints="42" numBranchPoints="1" visitedBranchPoints="1" sequenceCoverage="100" branchCoverage="100" maxCyclomaticComplexity="1" minCyclomaticComplexity="1" maxCrapScore="1" minCrapScore="1" visitedClasses="0" numClasses="0" visitedMethods="1" numMethods="1" />
              <MetadataToken>100663319</MetadataToken>
              <Name>System.Void Homework2.Tests.LineTests::DrawTest()</Name>
              <FileRef uid="5" />
              <SequencePoints>
                <SequencePoint vc="1" uspid="187" ordinal="0" offset="0" sl="74" sc="9" el="74" ec="10" bec="0" bev="0" fileid="5" />
                <SequencePoint vc="1" uspid="188" ordinal="1" offset="1" sl="75" sc="13" el="75" ec="26" bec="0" bev="0" fileid="5" />
                <SequencePoint vc="1" uspid="189" ordinal="2" offset="7" sl="76" sc="13" el="76" ec="26" bec="0" bev="0" fileid="5" />
                <SequencePoint vc="1" uspid="190" ordinal="3" offset="13" sl="77" sc="13" el="77" ec="26" bec="0" bev="0" fileid="5" />
                <SequencePoint vc="1" uspid="191" ordinal="4" offset="19" sl="78" sc="13" el="78" ec="26" bec="0" bev="0" fileid="5" />
                <SequencePoint vc="1" uspid="192" ordinal="5" offset="25" sl="79" sc="13" el="79" ec="29" bec="0" bev="0" fileid="5" />
                <SequencePoint vc="1" uspid="193" ordinal="6" offset="32" sl="80" sc="13" el="80" ec="30" bec="0" bev="0" fileid="5" />
                <SequencePoint vc="1" uspid="194" ordinal="7" offset="39" sl="81" sc="13" el="81" ec="23" bec="0" bev="0" fileid="5" />
                <SequencePoint vc="1" uspid="195" ordinal="8" offset="42" sl="82" sc="13" el="82" ec="56" bec="0" bev="0" fileid="5" />
                <SequencePoint vc="1" uspid="196" ordinal="9" offset="58" sl="83" sc="13" el="83" ec="27" bec="0" bev="0" fileid="5" />
                <SequencePoint vc="1" uspid="197" ordinal="10" offset="75" sl="84" sc="13" el="84" ec="27" bec="0" bev="0" fileid="5" />
                <SequencePoint vc="1" uspid="198" ordinal="11" offset="92" sl="85" sc="13" el="85" ec="60" bec="0" bev="0" fileid="5" />
                <SequencePoint vc="1" uspid="199" ordinal="12" offset="99" sl="86" sc="13" el="86" ec="37" bec="0" bev="0" fileid="5" />
                <SequencePoint vc="1" uspid="200" ordinal="13" offset="113" sl="87" sc="13" el="87" ec="51" bec="0" bev="0" fileid="5" />
                <SequencePoint vc="1" uspid="201" ordinal="14" offset="127" sl="88" sc="13" el="88" ec="51" bec="0" bev="0" fileid="5" />
                <SequencePoint vc="1" uspid="202" ordinal="15" offset="141" sl="89" sc="13" el="89" ec="51" bec="0" bev="0" fileid="5" />
                <SequencePoint vc="1" uspid="203" ordinal="16" offset="155" sl="90" sc="13" el="90" ec="51" bec="0" bev="0" fileid="5" />
                <SequencePoint vc="1" uspid="204" ordinal="17" offset="169" sl="91" sc="13" el="91" ec="56" bec="0" bev="0" fileid="5" />
                <SequencePoint vc="1" uspid="205" ordinal="18" offset="183" sl="93" sc="13" el="93" ec="34" bec="0" bev="0" fileid="5" />
                <SequencePoint vc="1" uspid="206" ordinal="19" offset="196" sl="94" sc="13" el="94" ec="37" bec="0" bev="0" fileid="5" />
                <SequencePoint vc="1" uspid="207" ordinal="20" offset="210" sl="95" sc="13" el="95" ec="57" bec="0" bev="0" fileid="5" />
                <SequencePoint vc="1" uspid="208" ordinal="21" offset="225" sl="96" sc="13" el="96" ec="51" bec="0" bev="0" fileid="5" />
                <SequencePoint vc="1" uspid="209" ordinal="22" offset="239" sl="97" sc="13" el="97" ec="51" bec="0" bev="0" fileid="5" />
                <SequencePoint vc="1" uspid="210" ordinal="23" offset="253" sl="98" sc="13" el="98" ec="51" bec="0" bev="0" fileid="5" />
                <SequencePoint vc="1" uspid="211" ordinal="24" offset="267" sl="99" sc="13" el="99" ec="51" bec="0" bev="0" fileid="5" />
                <SequencePoint vc="1" uspid="212" ordinal="25" offset="281" sl="101" sc="13" el="101" ec="60" bec="0" bev="0" fileid="5" />
                <SequencePoint vc="1" uspid="213" ordinal="26" offset="298" sl="102" sc="13" el="102" ec="60" bec="0" bev="0" fileid="5" />
                <SequencePoint vc="1" uspid="214" ordinal="27" offset="315" sl="104" sc="13" el="104" ec="70" bec="0" bev="0" fileid="5" />
                <SequencePoint vc="1" uspid="215" ordinal="28" offset="337" sl="105" sc="13" el="105" ec="56" bec="0" bev="0" fileid="5" />
                <SequencePoint vc="1" uspid="216" ordinal="29" offset="354" sl="107" sc="13" el="107" ec="69" bec="0" bev="0" fileid="5" />
                <SequencePoint vc="1" uspid="217" ordinal="30" offset="374" sl="108" sc="13" el="108" ec="61" bec="0" bev="0" fileid="5" />
                <SequencePoint vc="1" uspid="218" ordinal="31" offset="391" sl="110" sc="13" el="110" ec="67" bec="0" bev="0" fileid="5" />
                <SequencePoint vc="1" uspid="219" ordinal="32" offset="411" sl="111" sc="13" el="111" ec="74" bec="0" bev="0" fileid="5" />
                <SequencePoint vc="1" uspid="220" ordinal="33" offset="433" sl="113" sc="13" el="113" ec="71" bec="0" bev="0" fileid="5" />
                <SequencePoint vc="1" uspid="221" ordinal="34" offset="453" sl="114" sc="13" el="114" ec="72" bec="0" bev="0" fileid="5" />
                <SequencePoint vc="1" uspid="222" ordinal="35" offset="473" sl="116" sc="13" el="116" ec="72" bec="0" bev="0" fileid="5" />
                <SequencePoint vc="1" uspid="223" ordinal="36" offset="495" sl="117" sc="13" el="117" ec="67" bec="0" bev="0" fileid="5" />
                <SequencePoint vc="1" uspid="224" ordinal="37" offset="515" sl="119" sc="13" el="119" ec="62" bec="0" bev="0" fileid="5" />
                <SequencePoint vc="1" uspid="225" ordinal="38" offset="532" sl="120" sc="13" el="120" ec="71" bec="0" bev="0" fileid="5" />
                <SequencePoint vc="1" uspid="226" ordinal="39" offset="552" sl="122" sc="13" el="122" ec="58" bec="0" bev="0" fileid="5" />
                <SequencePoint vc="1" uspid="227" ordinal="40" offset="569" sl="123" sc="13" el="123" ec="73" bec="0" bev="0" fileid="5" />
                <SequencePoint vc="1" uspid="228" ordinal="41" offset="591" sl="124" sc="9" el="124" ec="10" bec="0" bev="0" fileid="5" />
              </SequencePoints>
              <BranchPoints />
              <MethodPoint xsi:type="SequencePoint" vc="1" uspid="187" ordinal="0" offset="0" sl="74" sc="9" el="74" ec="10" bec="0" bev="0" fileid="5" />
            </Method>
            <Method visited="true" cyclomaticComplexity="1" nPathComplexity="0" sequenceCoverage="100" branchCoverage="100" crapScore="1" isConstructor="false" isStatic="false" isGetter="false" isSetter="false">
              <Summary numSequencePoints="9" visitedSequencePoints="9" numBranchPoints="1" visitedBranchPoints="1" sequenceCoverage="100" branchCoverage="100" maxCyclomaticComplexity="1" minCyclomaticComplexity="1" maxCrapScore="1" minCrapScore="1" visitedClasses="0" numClasses="0" visitedMethods="1" numMethods="1" />
              <MetadataToken>100663320</MetadataToken>
              <Name>System.Void Homework2.Tests.LineTests::IsRangeInPointTest()</Name>
              <FileRef uid="5" />
              <SequencePoints>
                <SequencePoint vc="1" uspid="229" ordinal="0" offset="0" sl="129" sc="9" el="129" ec="10" bec="0" bev="0" fileid="5" />
                <SequencePoint vc="1" uspid="230" ordinal="1" offset="1" sl="130" sc="13" el="130" ec="56" bec="0" bev="0" fileid="5" />
                <SequencePoint vc="1" uspid="231" ordinal="2" offset="17" sl="131" sc="13" el="131" ec="27" bec="0" bev="0" fileid="5" />
                <SequencePoint vc="1" uspid="232" ordinal="3" offset="34" sl="132" sc="13" el="132" ec="27" bec="0" bev="0" fileid="5" />
                <SequencePoint vc="1" uspid="233" ordinal="4" offset="51" sl="133" sc="13" el="133" ec="48" bec="0" bev="0" fileid="5" />
                <SequencePoint vc="1" uspid="234" ordinal="5" offset="68" sl="134" sc="13" el="134" ec="49" bec="0" bev="0" fileid="5" />
                <SequencePoint vc="1" uspid="235" ordinal="6" offset="85" sl="135" sc="13" el="135" ec="56" bec="0" bev="0" fileid="5" />
                <SequencePoint vc="1" uspid="236" ordinal="7" offset="103" sl="136" sc="13" el="136" ec="58" bec="0" bev="0" fileid="5" />
                <SequencePoint vc="1" uspid="237" ordinal="8" offset="121" sl="137" sc="9" el="137" ec="10" bec="0" bev="0" fileid="5" />
              </SequencePoints>
              <BranchPoints />
              <MethodPoint xsi:type="SequencePoint" vc="1" uspid="229" ordinal="0" offset="0" sl="129" sc="9" el="129" ec="10" bec="0" bev="0" fileid="5" />
            </Method>
            <Method visited="true" cyclomaticComplexity="1" nPathComplexity="0" sequenceCoverage="100" branchCoverage="100" crapScore="1" isConstructor="false" isStatic="false" isGetter="false" isSetter="false">
              <Summary numSequencePoints="14" visitedSequencePoints="14" numBranchPoints="1" visitedBranchPoints="1" sequenceCoverage="100" branchCoverage="100" maxCyclomaticComplexity="1" minCyclomaticComplexity="1" maxCrapScore="1" minCrapScore="1" visitedClasses="0" numClasses="0" visitedMethods="1" numMethods="1" />
              <MetadataToken>100663321</MetadataToken>
              <Name>System.Void Homework2.Tests.LineTests::IsRangeInAreaTest()</Name>
              <FileRef uid="5" />
              <SequencePoints>
                <SequencePoint vc="1" uspid="238" ordinal="0" offset="0" sl="142" sc="9" el="142" ec="10" bec="0" bev="0" fileid="5" />
                <SequencePoint vc="1" uspid="239" ordinal="1" offset="1" sl="143" sc="13" el="143" ec="56" bec="0" bev="0" fileid="5" />
                <SequencePoint vc="1" uspid="240" ordinal="2" offset="17" sl="144" sc="13" el="144" ec="27" bec="0" bev="0" fileid="5" />
                <SequencePoint vc="1" uspid="241" ordinal="3" offset="34" sl="145" sc="13" el="145" ec="27" bec="0" bev="0" fileid="5" />
                <SequencePoint vc="1" uspid="242" ordinal="4" offset="51" sl="146" sc="13" el="146" ec="58" bec="0" bev="0" fileid="5" />
                <SequencePoint vc="1" uspid="243" ordinal="5" offset="68" sl="147" sc="13" el="147" ec="59" bec="0" bev="0" fileid="5" />
                <SequencePoint vc="1" uspid="244" ordinal="6" offset="85" sl="149" sc="13" el="149" ec="59" bec="0" bev="0" fileid="5" />
                <SequencePoint vc="1" uspid="245" ordinal="7" offset="102" sl="150" sc="13" el="150" ec="60" bec="0" bev="0" fileid="5" />
                <SequencePoint vc="1" uspid="246" ordinal="8" offset="119" sl="152" sc="13" el="152" ec="57" bec="0" bev="0" fileid="5" />
                <SequencePoint vc="1" uspid="247" ordinal="9" offset="130" sl="153" sc="13" el="153" ec="60" bec="0" bev="0" fileid="5" />
                <SequencePoint vc="1" uspid="248" ordinal="10" offset="141" sl="155" sc="13" el="155" ec="84" bec="0" bev="0" fileid="5" />
                <SequencePoint vc="1" uspid="249" ordinal="11" offset="160" sl="156" sc="13" el="156" ec="87" bec="0" bev="0" fileid="5" />
                <SequencePoint vc="1" uspid="250" ordinal="12" offset="179" sl="157" sc="13" el="157" ec="87" bec="0" bev="0" fileid="5" />
                <SequencePoint vc="1" uspid="251" ordinal="13" offset="200" sl="158" sc="9" el="158" ec="10" bec="0" bev="0" fileid="5" />
              </SequencePoints>
              <BranchPoints />
              <MethodPoint xsi:type="SequencePoint" vc="1" uspid="238" ordinal="0" offset="0" sl="142" sc="9" el="142" ec="10" bec="0" bev="0" fileid="5" />
            </Method>
            <Method visited="true" cyclomaticComplexity="1" nPathComplexity="0" sequenceCoverage="100" branchCoverage="100" crapScore="1" isConstructor="false" isStatic="false" isGetter="false" isSetter="false">
              <Summary numSequencePoints="10" visitedSequencePoints="10" numBranchPoints="1" visitedBranchPoints="1" sequenceCoverage="100" branchCoverage="100" maxCyclomaticComplexity="1" minCyclomaticComplexity="1" maxCrapScore="1" minCrapScore="1" visitedClasses="0" numClasses="0" visitedMethods="1" numMethods="1" />
              <MetadataToken>100663322</MetadataToken>
              <Name>System.Void Homework2.Tests.LineTests::MoveTest()</Name>
              <FileRef uid="5" />
              <SequencePoints>
                <SequencePoint vc="1" uspid="252" ordinal="0" offset="0" sl="163" sc="9" el="163" ec="10" bec="0" bev="0" fileid="5" />
                <SequencePoint vc="1" uspid="253" ordinal="1" offset="1" sl="164" sc="13" el="164" ec="56" bec="0" bev="0" fileid="5" />
                <SequencePoint vc="1" uspid="254" ordinal="2" offset="17" sl="165" sc="13" el="165" ec="27" bec="0" bev="0" fileid="5" />
                <SequencePoint vc="1" uspid="255" ordinal="3" offset="34" sl="166" sc="13" el="166" ec="27" bec="0" bev="0" fileid="5" />
                <SequencePoint vc="1" uspid="256" ordinal="4" offset="51" sl="167" sc="13" el="167" ec="42" bec="0" bev="0" fileid="5" />
                <SequencePoint vc="1" uspid="257" ordinal="5" offset="72" sl="168" sc="13" el="168" ec="43" bec="0" bev="0" fileid="5" />
                <SequencePoint vc="1" uspid="258" ordinal="6" offset="94" sl="169" sc="13" el="169" ec="43" bec="0" bev="0" fileid="5" />
                <SequencePoint vc="1" uspid="259" ordinal="7" offset="116" sl="170" sc="13" el="170" ec="43" bec="0" bev="0" fileid="5" />
                <SequencePoint vc="1" uspid="260" ordinal="8" offset="138" sl="171" sc="13" el="171" ec="43" bec="0" bev="0" fileid="5" />
                <SequencePoint vc="1" uspid="261" ordinal="9" offset="160" sl="172" sc="9" el="172" ec="10" bec="0" bev="0" fileid="5" />
              </SequencePoints>
              <BranchPoints />
              <MethodPoint xsi:type="SequencePoint" vc="1" uspid="252" ordinal="0" offset="0" sl="163" sc="9" el="163" ec="10" bec="0" bev="0" fileid="5" />
            </Method>
            <Method visited="true" cyclomaticComplexity="1" nPathComplexity="0" sequenceCoverage="100" branchCoverage="100" crapScore="1" isConstructor="false" isStatic="false" isGetter="false" isSetter="false">
              <Summary numSequencePoints="5" visitedSequencePoints="5" numBranchPoints="1" visitedBranchPoints="1" sequenceCoverage="100" branchCoverage="100" maxCyclomaticComplexity="1" minCyclomaticComplexity="1" maxCrapScore="1" minCrapScore="1" visitedClasses="0" numClasses="0" visitedMethods="1" numMethods="1" />
              <MetadataToken>100663323</MetadataToken>
              <Name>System.Void Homework2.Tests.LineTests::EqualsTest()</Name>
              <FileRef uid="5" />
              <SequencePoints>
                <SequencePoint vc="1" uspid="262" ordinal="0" offset="0" sl="177" sc="9" el="177" ec="10" bec="0" bev="0" fileid="5" />
                <SequencePoint vc="1" uspid="263" ordinal="1" offset="1" sl="178" sc="13" el="178" ec="56" bec="0" bev="0" fileid="5" />
                <SequencePoint vc="1" uspid="264" ordinal="2" offset="17" sl="179" sc="13" el="179" ec="47" bec="0" bev="0" fileid="5" />
                <SequencePoint vc="1" uspid="265" ordinal="3" offset="35" sl="180" sc="13" el="180" ec="77" bec="0" bev="0" fileid="5" />
                <SequencePoint vc="1" uspid="266" ordinal="4" offset="62" sl="181" sc="9" el="181" ec="10" bec="0" bev="0" fileid="5" />
              </SequencePoints>
              <BranchPoints />
              <MethodPoint xsi:type="SequencePoint" vc="1" uspid="262" ordinal="0" offset="0" sl="177" sc="9" el="177" ec="10" bec="0" bev="0" fileid="5" />
            </Method>
            <Method visited="true" cyclomaticComplexity="1" nPathComplexity="0" sequenceCoverage="100" branchCoverage="100" crapScore="1" isConstructor="false" isStatic="false" isGetter="false" isSetter="false">
              <Summary numSequencePoints="5" visitedSequencePoints="5" numBranchPoints="1" visitedBranchPoints="1" sequenceCoverage="100" branchCoverage="100" maxCyclomaticComplexity="1" minCyclomaticComplexity="1" maxCrapScore="1" minCrapScore="1" visitedClasses="0" numClasses="0" visitedMethods="1" numMethods="1" />
              <MetadataToken>100663324</MetadataToken>
              <Name>System.Void Homework2.Tests.LineTests::GetHashCodeTest()</Name>
              <FileRef uid="5" />
              <SequencePoints>
                <SequencePoint vc="1" uspid="267" ordinal="0" offset="0" sl="186" sc="9" el="186" ec="10" bec="0" bev="0" fileid="5" />
                <SequencePoint vc="1" uspid="268" ordinal="1" offset="1" sl="187" sc="13" el="187" ec="56" bec="0" bev="0" fileid="5" />
                <SequencePoint vc="1" uspid="269" ordinal="2" offset="17" sl="188" sc="13" el="188" ec="62" bec="0" bev="0" fileid="5" />
                <SequencePoint vc="1" uspid="270" ordinal="3" offset="28" sl="189" sc="13" el="189" ec="70" bec="0" bev="0" fileid="5" />
                <SequencePoint vc="1" uspid="271" ordinal="4" offset="51" sl="190" sc="9" el="190" ec="10" bec="0" bev="0" fileid="5" />
              </SequencePoints>
              <BranchPoints />
              <MethodPoint xsi:type="SequencePoint" vc="1" uspid="267" ordinal="0" offset="0" sl="186" sc="9" el="186" ec="10" bec="0" bev="0" fileid="5" />
            </Method>
            <Method visited="false" cyclomaticComplexity="1" nPathComplexity="0" sequenceCoverage="0" branchCoverage="0" crapScore="2" isConstructor="true" isStatic="false" isGetter="false" isSetter="false">
              <Summary numSequencePoints="0" visitedSequencePoints="0" numBranchPoints="0" visitedBranchPoints="0" sequenceCoverage="0" branchCoverage="0" maxCyclomaticComplexity="1" minCyclomaticComplexity="1" maxCrapScore="2" minCrapScore="2" visitedClasses="0" numClasses="0" visitedMethods="0" numMethods="0" />
              <MetadataToken>100663325</MetadataToken>
              <Name>System.Void Homework2.Tests.LineTests::.ctor()</Name>
              <SequencePoints />
              <BranchPoints />
              <MethodPoint vc="0" uspid="272" ordinal="0" offset="0" />
            </Method>
          </Methods>
        </Class>
        <Class>
          <Summary numSequencePoints="11" visitedSequencePoints="11" numBranchPoints="3" visitedBranchPoints="3" sequenceCoverage="100" branchCoverage="100" maxCyclomaticComplexity="1" minCyclomaticComplexity="1" maxCrapScore="2" minCrapScore="1" visitedClasses="1" numClasses="1" visitedMethods="3" numMethods="3" />
          <FullName>Homework2.Tests.MockState</FullName>
          <Methods>
            <Method visited="true" cyclomaticComplexity="1" nPathComplexity="0" sequenceCoverage="100" branchCoverage="100" crapScore="1" isConstructor="false" isStatic="false" isGetter="false" isSetter="false">
              <Summary numSequencePoints="4" visitedSequencePoints="4" numBranchPoints="1" visitedBranchPoints="1" sequenceCoverage="100" branchCoverage="100" maxCyclomaticComplexity="1" minCyclomaticComplexity="1" maxCrapScore="1" minCrapScore="1" visitedClasses="0" numClasses="0" visitedMethods="1" numMethods="1" />
              <MetadataToken>100663326</MetadataToken>
              <Name>System.Void Homework2.Tests.MockState::PanelMouseDown(Homework2.Model,System.Drawing.Point)</Name>
              <FileRef uid="6" />
              <SequencePoints>
                <SequencePoint vc="1" uspid="273" ordinal="0" offset="0" sl="16" sc="9" el="16" ec="10" bec="0" bev="0" fileid="6" />
                <SequencePoint vc="1" uspid="274" ordinal="1" offset="1" sl="17" sc="13" el="17" ec="38" bec="0" bev="0" fileid="6" />
                <SequencePoint vc="1" uspid="275" ordinal="2" offset="8" sl="18" sc="13" el="18" ec="32" bec="0" bev="0" fileid="6" />
                <SequencePoint vc="1" uspid="276" ordinal="3" offset="15" sl="19" sc="9" el="19" ec="10" bec="0" bev="0" fileid="6" />
              </SequencePoints>
              <BranchPoints />
              <MethodPoint xsi:type="SequencePoint" vc="1" uspid="273" ordinal="0" offset="0" sl="16" sc="9" el="16" ec="10" bec="0" bev="0" fileid="6" />
            </Method>
            <Method visited="true" cyclomaticComplexity="1" nPathComplexity="0" sequenceCoverage="100" branchCoverage="100" crapScore="1" isConstructor="false" isStatic="false" isGetter="false" isSetter="false">
              <Summary numSequencePoints="3" visitedSequencePoints="3" numBranchPoints="1" visitedBranchPoints="1" sequenceCoverage="100" branchCoverage="100" maxCyclomaticComplexity="1" minCyclomaticComplexity="1" maxCrapScore="1" minCrapScore="1" visitedClasses="0" numClasses="0" visitedMethods="1" numMethods="1" />
              <MetadataToken>100663327</MetadataToken>
              <Name>System.Void Homework2.Tests.MockState::PanelMouseMove(Homework2.Model,System.Drawing.Point)</Name>
              <FileRef uid="6" />
              <SequencePoints>
                <SequencePoint vc="1" uspid="277" ordinal="0" offset="0" sl="23" sc="9" el="23" ec="10" bec="0" bev="0" fileid="6" />
                <SequencePoint vc="1" uspid="278" ordinal="1" offset="1" sl="24" sc="13" el="24" ec="32" bec="0" bev="0" fileid="6" />
                <SequencePoint vc="1" uspid="279" ordinal="2" offset="8" sl="25" sc="9" el="25" ec="10" bec="0" bev="0" fileid="6" />
              </SequencePoints>
              <BranchPoints />
              <MethodPoint xsi:type="SequencePoint" vc="1" uspid="277" ordinal="0" offset="0" sl="23" sc="9" el="23" ec="10" bec="0" bev="0" fileid="6" />
            </Method>
            <Method visited="true" cyclomaticComplexity="1" nPathComplexity="0" sequenceCoverage="100" branchCoverage="100" crapScore="1" isConstructor="false" isStatic="false" isGetter="false" isSetter="false">
              <Summary numSequencePoints="4" visitedSequencePoints="4" numBranchPoints="1" visitedBranchPoints="1" sequenceCoverage="100" branchCoverage="100" maxCyclomaticComplexity="1" minCyclomaticComplexity="1" maxCrapScore="1" minCrapScore="1" visitedClasses="0" numClasses="0" visitedMethods="1" numMethods="1" />
              <MetadataToken>100663328</MetadataToken>
              <Name>System.Void Homework2.Tests.MockState::PanelMouseUp(Homework2.Model,System.Drawing.Point)</Name>
              <FileRef uid="6" />
              <SequencePoints>
                <SequencePoint vc="1" uspid="280" ordinal="0" offset="0" sl="29" sc="9" el="29" ec="10" bec="0" bev="0" fileid="6" />
                <SequencePoint vc="1" uspid="281" ordinal="1" offset="1" sl="30" sc="13" el="30" ec="39" bec="0" bev="0" fileid="6" />
                <SequencePoint vc="1" uspid="282" ordinal="2" offset="8" sl="31" sc="13" el="31" ec="32" bec="0" bev="0" fileid="6" />
                <SequencePoint vc="1" uspid="283" ordinal="3" offset="15" sl="32" sc="9" el="32" ec="10" bec="0" bev="0" fileid="6" />
              </SequencePoints>
              <BranchPoints />
              <MethodPoint xsi:type="SequencePoint" vc="1" uspid="280" ordinal="0" offset="0" sl="29" sc="9" el="29" ec="10" bec="0" bev="0" fileid="6" />
            </Method>
            <Method visited="false" cyclomaticComplexity="1" nPathComplexity="0" sequenceCoverage="0" branchCoverage="0" crapScore="2" isConstructor="true" isStatic="false" isGetter="false" isSetter="false">
              <Summary numSequencePoints="0" visitedSequencePoints="0" numBranchPoints="0" visitedBranchPoints="0" sequenceCoverage="0" branchCoverage="0" maxCyclomaticComplexity="1" minCyclomaticComplexity="1" maxCrapScore="2" minCrapScore="2" visitedClasses="0" numClasses="0" visitedMethods="0" numMethods="0" />
              <MetadataToken>100663329</MetadataToken>
              <Name>System.Void Homework2.Tests.MockState::.ctor()</Name>
              <SequencePoints />
              <BranchPoints />
              <MethodPoint vc="0" uspid="284" ordinal="0" offset="0" />
            </Method>
          </Methods>
        </Class>
        <Class>
          <Summary numSequencePoints="46" visitedSequencePoints="39" numBranchPoints="11" visitedBranchPoints="11" sequenceCoverage="84.78" branchCoverage="100" maxCyclomaticComplexity="1" minCyclomaticComplexity="1" maxCrapScore="2" minCrapScore="1" visitedClasses="1" numClasses="1" visitedMethods="11" numMethods="11" />
          <FullName>Homework2.Tests.ModelTests</FullName>
          <Methods>
            <Method visited="true" cyclomaticComplexity="1" nPathComplexity="0" sequenceCoverage="100" branchCoverage="100" crapScore="1" isConstructor="false" isStatic="false" isGetter="false" isSetter="false">
              <Summary numSequencePoints="4" visitedSequencePoints="4" numBranchPoints="1" visitedBranchPoints="1" sequenceCoverage="100" branchCoverage="100" maxCyclomaticComplexity="1" minCyclomaticComplexity="1" maxCrapScore="1" minCrapScore="1" visitedClasses="0" numClasses="0" visitedMethods="1" numMethods="1" />
              <MetadataToken>100663330</MetadataToken>
              <Name>System.Void Homework2.Tests.ModelTests::ModelTest()</Name>
              <FileRef uid="6" />
              <SequencePoints>
                <SequencePoint vc="1" uspid="285" ordinal="0" offset="0" sl="43" sc="9" el="43" ec="10" bec="0" bev="0" fileid="6" />
                <SequencePoint vc="1" uspid="286" ordinal="1" offset="1" sl="44" sc="13" el="44" ec="33" bec="0" bev="0" fileid="6" />
                <SequencePoint vc="1" uspid="287" ordinal="2" offset="12" sl="45" sc="13" el="45" ec="45" bec="0" bev="0" fileid="6" />
                <SequencePoint vc="1" uspid="288" ordinal="3" offset="29" sl="46" sc="9" el="46" ec="10" bec="0" bev="0" fileid="6" />
              </SequencePoints>
              <BranchPoints />
              <MethodPoint xsi:type="SequencePoint" vc="1" uspid="285" ordinal="0" offset="0" sl="43" sc="9" el="43" ec="10" bec="0" bev="0" fileid="6" />
            </Method>
            <Method visited="true" cyclomaticComplexity="1" nPathComplexity="0" sequenceCoverage="100" branchCoverage="100" crapScore="1" isConstructor="false" isStatic="false" isGetter="false" isSetter="false">
              <Summary numSequencePoints="6" visitedSequencePoints="6" numBranchPoints="1" visitedBranchPoints="1" sequenceCoverage="100" branchCoverage="100" maxCyclomaticComplexity="1" minCyclomaticComplexity="1" maxCrapScore="1" minCrapScore="1" visitedClasses="0" numClasses="0" visitedMethods="1" numMethods="1" />
              <MetadataToken>100663331</MetadataToken>
              <Name>System.Void Homework2.Tests.ModelTests::CreateShapesTest()</Name>
              <FileRef uid="6" />
              <SequencePoints>
                <SequencePoint vc="1" uspid="289" ordinal="0" offset="0" sl="51" sc="9" el="51" ec="10" bec="0" bev="0" fileid="6" />
                <SequencePoint vc="1" uspid="290" ordinal="1" offset="1" sl="52" sc="13" el="52" ec="33" bec="0" bev="0" fileid="6" />
                <SequencePoint vc="1" uspid="291" ordinal="2" offset="12" sl="53" sc="13" el="53" ec="41" bec="0" bev="0" fileid="6" />
                <SequencePoint vc="1" uspid="292" ordinal="3" offset="29" sl="54" sc="13" el="54" ec="34" bec="0" bev="0" fileid="6" />
                <SequencePoint vc="1" uspid="293" ordinal="4" offset="41" sl="55" sc="13" el="55" ec="57" bec="0" bev="0" fileid="6" />
                <SequencePoint vc="1" uspid="294" ordinal="5" offset="63" sl="56" sc="9" el="56" ec="10" bec="0" bev="0" fileid="6" />
              </SequencePoints>
              <BranchPoints />
              <MethodPoint xsi:type="SequencePoint" vc="1" uspid="289" ordinal="0" offset="0" sl="51" sc="9" el="51" ec="10" bec="0" bev="0" fileid="6" />
            </Method>
            <Method visited="true" cyclomaticComplexity="1" nPathComplexity="0" sequenceCoverage="100" branchCoverage="100" crapScore="1" isConstructor="false" isStatic="false" isGetter="false" isSetter="false">
              <Summary numSequencePoints="7" visitedSequencePoints="7" numBranchPoints="1" visitedBranchPoints="1" sequenceCoverage="100" branchCoverage="100" maxCyclomaticComplexity="1" minCyclomaticComplexity="1" maxCrapScore="1" minCrapScore="1" visitedClasses="0" numClasses="0" visitedMethods="1" numMethods="1" />
              <MetadataToken>100663332</MetadataToken>
              <Name>System.Void Homework2.Tests.ModelTests::AddShapeTest()</Name>
              <FileRef uid="6" />
              <SequencePoints>
                <SequencePoint vc="1" uspid="295" ordinal="0" offset="0" sl="61" sc="9" el="61" ec="10" bec="0" bev="0" fileid="6" />
                <SequencePoint vc="1" uspid="296" ordinal="1" offset="1" sl="62" sc="13" el="62" ec="33" bec="0" bev="0" fileid="6" />
                <SequencePoint vc="1" uspid="297" ordinal="2" offset="12" sl="63" sc="13" el="63" ec="41" bec="0" bev="0" fileid="6" />
                <SequencePoint vc="1" uspid="298" ordinal="3" offset="29" sl="65" sc="13" el="65" ec="34" bec="0" bev="0" fileid="6" />
                <SequencePoint vc="1" uspid="299" ordinal="4" offset="41" sl="66" sc="13" el="66" ec="30" bec="0" bev="0" fileid="6" />
                <SequencePoint vc="1" uspid="300" ordinal="5" offset="53" sl="67" sc="13" el="67" ec="62" bec="0" bev="0" fileid="6" />
                <SequencePoint vc="1" uspid="301" ordinal="6" offset="76" sl="69" sc="9" el="69" ec="10" bec="0" bev="0" fileid="6" />
              </SequencePoints>
              <BranchPoints />
[...]
                <SequencePoint vc="3" uspid="1652" ordinal="3" offset="33" sl="56" sc="17" el="56" ec="29" bec="0" bev="0" fileid="41" />
                <SequencePoint vc="6" uspid="1653" ordinal="4" offset="37" sl="58" sc="13" el="58" ec="26" bec="0" bev="0" fileid="41" />
                <SequencePoint vc="9" uspid="1654" ordinal="5" offset="41" sl="59" sc="9" el="59" ec="10" bec="0" bev="0" fileid="41" />
              </SequencePoints>
              <BranchPoints>
                <BranchPoint vc="7" uspid="1655" ordinal="0" offset="17" sl="54" path="0" offsetend="19" fileid="41" />
                <BranchPoint vc="2" uspid="1656" ordinal="1" offset="17" sl="54" path="1" offsetend="27" fileid="41" />
                <BranchPoint vc="3" uspid="1657" ordinal="2" offset="30" sl="54" path="0" offsetend="32" fileid="41" />
                <BranchPoint vc="6" uspid="1658" ordinal="3" offset="30" sl="54" path="1" offsetend="37" fileid="41" />
              </BranchPoints>
              <MethodPoint xsi:type="SequencePoint" vc="9" uspid="1649" ordinal="0" offset="0" sl="53" sc="9" el="53" ec="10" bec="0" bev="0" fileid="41" />
            </Method>
            <Method visited="true" cyclomaticComplexity="2" nPathComplexity="2" sequenceCoverage="100" branchCoverage="100" crapScore="2" isConstructor="false" isStatic="false" isGetter="false" isSetter="false">
              <Summary numSequencePoints="6" visitedSequencePoints="6" numBranchPoints="3" visitedBranchPoints="3" sequenceCoverage="100" branchCoverage="100" maxCyclomaticComplexity="2" minCyclomaticComplexity="2" maxCrapScore="2" minCrapScore="2" visitedClasses="0" numClasses="0" visitedMethods="1" numMethods="1" />
              <MetadataToken>100663476</MetadataToken>
              <Name>System.Void Homework2.ToolBarChecked::NotifyPropertyChanged(System.String)</Name>
              <FileRef uid="41" />
              <SequencePoints>
                <SequencePoint vc="13" uspid="1659" ordinal="0" offset="0" sl="63" sc="9" el="63" ec="10" bec="0" bev="0" fileid="41" />
                <SequencePoint vc="13" uspid="1660" ordinal="1" offset="1" sl="64" sc="13" el="64" ec="41" bec="2" bev="2" fileid="41" />
                <SequencePoint vc="9" uspid="1661" ordinal="2" offset="14" sl="65" sc="13" el="65" ec="14" bec="0" bev="0" fileid="41" />
                <SequencePoint vc="9" uspid="1662" ordinal="3" offset="15" sl="66" sc="17" el="66" ec="83" bec="0" bev="0" fileid="41" />
                <SequencePoint vc="9" uspid="1663" ordinal="4" offset="34" sl="67" sc="13" el="67" ec="14" bec="0" bev="0" fileid="41" />
                <SequencePoint vc="13" uspid="1664" ordinal="5" offset="35" sl="68" sc="9" el="68" ec="10" bec="0" bev="0" fileid="41" />
              </SequencePoints>
              <BranchPoints>
                <BranchPoint vc="9" uspid="1665" ordinal="0" offset="12" sl="64" path="0" offsetend="14" fileid="41" />
                <BranchPoint vc="4" uspid="1666" ordinal="1" offset="12" sl="64" path="1" offsetend="35" fileid="41" />
              </BranchPoints>
              <MethodPoint xsi:type="SequencePoint" vc="13" uspid="1659" ordinal="0" offset="0" sl="63" sc="9" el="63" ec="10" bec="0" bev="0" fileid="41" />
            </Method>
          </Methods>
        </Class>
        <Class>
          <Summary numSequencePoints="17" visitedSequencePoints="0" numBranchPoints="7" visitedBranchPoints="0" sequenceCoverage="0" branchCoverage="0" maxCyclomaticComplexity="2" minCyclomaticComplexity="1" maxCrapScore="6" minCrapScore="2" visitedClasses="0" numClasses="1" visitedMethods="0" numMethods="3" />
          <FullName>Homework2.ToolStripBindButton</FullName>
          <Methods>
            <Method visited="false" cyclomaticComplexity="2" nPathComplexity="2" sequenceCoverage="0" branchCoverage="0" crapScore="6" isConstructor="false" isStatic="false" isGetter="true" isSetter="false">
              <Summary numSequencePoints="7" visitedSequencePoints="0" numBranchPoints="3" visitedBranchPoints="0" sequenceCoverage="0" branchCoverage="0" maxCyclomaticComplexity="2" minCyclomaticComplexity="2" maxCrapScore="6" minCrapScore="6" visitedClasses="0" numClasses="0" visitedMethods="0" numMethods="1" />
              <MetadataToken>100663477</MetadataToken>
              <Name>System.Windows.Forms.ControlBindingsCollection Homework2.ToolStripBindButton::get_DataBindings()</Name>
              <FileRef uid="42" />
              <SequencePoints>
                <SequencePoint vc="0" uspid="1667" ordinal="0" offset="0" sl="19" sc="13" el="19" ec="14" bec="0" bev="0" fileid="42" />
                <SequencePoint vc="0" uspid="1668" ordinal="1" offset="1" sl="20" sc="17" el="20" ec="43" bec="2" bev="0" fileid="42" />
                <SequencePoint vc="0" uspid="1669" ordinal="2" offset="14" sl="21" sc="17" el="21" ec="18" bec="0" bev="0" fileid="42" />
                <SequencePoint vc="0" uspid="1670" ordinal="3" offset="15" sl="22" sc="21" el="22" ec="73" bec="0" bev="0" fileid="42" />
                <SequencePoint vc="0" uspid="1671" ordinal="4" offset="27" sl="23" sc="17" el="23" ec="18" bec="0" bev="0" fileid="42" />
                <SequencePoint vc="0" uspid="1672" ordinal="5" offset="28" sl="24" sc="17" el="24" ec="38" bec="0" bev="0" fileid="42" />
                <SequencePoint vc="0" uspid="1673" ordinal="6" offset="37" sl="25" sc="13" el="25" ec="14" bec="0" bev="0" fileid="42" />
              </SequencePoints>
              <BranchPoints>
                <BranchPoint vc="0" uspid="1674" ordinal="0" offset="12" sl="20" path="0" offsetend="14" fileid="42" />
                <BranchPoint vc="0" uspid="1675" ordinal="1" offset="12" sl="20" path="1" offsetend="28" fileid="42" />
              </BranchPoints>
              <MethodPoint xsi:type="SequencePoint" vc="0" uspid="1667" ordinal="0" offset="0" sl="19" sc="13" el="19" ec="14" bec="0" bev="0" fileid="42" />
            </Method>
            <Method visited="false" cyclomaticComplexity="2" nPathComplexity="2" sequenceCoverage="0" branchCoverage="0" crapScore="6" isConstructor="false" isStatic="false" isGetter="true" isSetter="false">
              <Summary numSequencePoints="7" visitedSequencePoints="0" numBranchPoints="3" visitedBranchPoints="0" sequenceCoverage="0" branchCoverage="0" maxCyclomaticComplexity="2" minCyclomaticComplexity="2" maxCrapScore="6" minCrapScore="6" visitedClasses="0" numClasses="0" visitedMethods="0" numMethods="1" />
              <MetadataToken>100663478</MetadataToken>
              <Name>System.Windows.Forms.BindingContext Homework2.ToolStripBindButton::get_BindingContext()</Name>
              <FileRef uid="42" />
              <SequencePoints>
                <SequencePoint vc="0" uspid="1676" ordinal="0" offset="0" sl="31" sc="13" el="31" ec="14" bec="0" bev="0" fileid="42" />
                <SequencePoint vc="0" uspid="1677" ordinal="1" offset="1" sl="32" sc="17" el="32" ec="45" bec="2" bev="0" fileid="42" />
                <SequencePoint vc="0" uspid="1678" ordinal="2" offset="14" sl="33" sc="17" el="33" ec="18" bec="0" bev="0" fileid="42" />
                <SequencePoint vc="0" uspid="1679" ordinal="3" offset="15" sl="34" sc="21" el="34" ec="60" bec="0" bev="0" fileid="42" />
                <SequencePoint vc="0" uspid="1680" ordinal="4" offset="26" sl="35" sc="17" el="35" ec="18" bec="0" bev="0" fileid="42" />
                <SequencePoint vc="0" uspid="1681" ordinal="5" offset="27" sl="36" sc="17" el="36" ec="40" bec="0" bev="0" fileid="42" />
                <SequencePoint vc="0" uspid="1682" ordinal="6" offset="36" sl="37" sc="13" el="37" ec="14" bec="0" bev="0" fileid="42" />
              </SequencePoints>
              <BranchPoints>
                <BranchPoint vc="0" uspid="1683" ordinal="0" offset="12" sl="32" path="0" offsetend="14" fileid="42" />
                <BranchPoint vc="0" uspid="1684" ordinal="1" offset="12" sl="32" path="1" offsetend="27" fileid="42" />
              </BranchPoints>
              <MethodPoint xsi:type="SequencePoint" vc="0" uspid="1676" ordinal="0" offset="0" sl="31" sc="13" el="31" ec="14" bec="0" bev="0" fileid="42" />
            </Method>
            <Method visited="false" cyclomaticComplexity="1" nPathComplexity="0" sequenceCoverage="0" branchCoverage="0" crapScore="2" isConstructor="false" isStatic="false" isGetter="false" isSetter="true">
              <Summary numSequencePoints="3" visitedSequencePoints="0" numBranchPoints="1" visitedBranchPoints="0" sequenceCoverage="0" branchCoverage="0" maxCyclomaticComplexity="1" minCyclomaticComplexity="1" maxCrapScore="2" minCrapScore="2" visitedClasses="0" numClasses="0" visitedMethods="0" numMethods="1" />
              <MetadataToken>100663479</MetadataToken>
              <Name>System.Void Homework2.ToolStripBindButton::set_BindingContext(System.Windows.Forms.BindingContext)</Name>
              <FileRef uid="42" />
              <SequencePoints>
                <SequencePoint vc="0" uspid="1685" ordinal="0" offset="0" sl="39" sc="13" el="39" ec="14" bec="0" bev="0" fileid="42" />
                <SequencePoint vc="0" uspid="1686" ordinal="1" offset="1" sl="40" sc="17" el="40" ec="41" bec="0" bev="0" fileid="42" />
                <SequencePoint vc="0" uspid="1687" ordinal="2" offset="8" sl="41" sc="13" el="41" ec="14" bec="0" bev="0" fileid="42" />
              </SequencePoints>
              <BranchPoints />
              <MethodPoint xsi:type="SequencePoint" vc="0" uspid="1685" ordinal="0" offset="0" sl="39" sc="13" el="39" ec="14" bec="0" bev="0" fileid="42" />
            </Method>
            <Method visited="false" cyclomaticComplexity="1" nPathComplexity="0" sequenceCoverage="0" branchCoverage="0" crapScore="2" isConstructor="true" isStatic="false" isGetter="false" isSetter="false">
              <Summary numSequencePoints="0" visitedSequencePoints="0" numBranchPoints="0" visitedBranchPoints="0" sequenceCoverage="0" branchCoverage="0" maxCyclomaticComplexity="1" minCyclomaticComplexity="1" maxCrapScore="2" minCrapScore="2" visitedClasses="0" numClasses="0" visitedMethods="0" numMethods="0" />
              <MetadataToken>100663480</MetadataToken>
              <Name>System.Void Homework2.ToolStripBindButton::.ctor()</Name>
              <SequencePoints />
              <BranchPoints />
              <MethodPoint vc="0" uspid="1688" ordinal="0" offset="0" />
            </Method>
          </Methods>
        </Class>
        <Class>
          <Summary numSequencePoints="28" visitedSequencePoints="0" numBranchPoints="5" visitedBranchPoints="0" sequenceCoverage="0" branchCoverage="0" maxCyclomaticComplexity="1" minCyclomaticComplexity="1" maxCrapScore="2" minCrapScore="2" visitedClasses="0" numClasses="1" visitedMethods="0" numMethods="5" />
          <FullName>Homework2.WindowsFormsGraphicsAdaptor</FullName>
          <Methods>
            <Method visited="false" cyclomaticComplexity="1" nPathComplexity="0" sequenceCoverage="0" branchCoverage="0" crapScore="2" isConstructor="true" isStatic="false" isGetter="false" isSetter="false">
              <Summary numSequencePoints="5" visitedSequencePoints="0" numBranchPoints="1" visitedBranchPoints="0" sequenceCoverage="0" branchCoverage="0" maxCyclomaticComplexity="1" minCyclomaticComplexity="1" maxCrapScore="2" minCrapScore="2" visitedClasses="0" numClasses="0" visitedMethods="0" numMethods="1" />
              <MetadataToken>100663481</MetadataToken>
              <Name>System.Void Homework2.WindowsFormsGraphicsAdaptor::.ctor(System.Drawing.Graphics,System.Drawing.Pen)</Name>
              <FileRef uid="43" />
              <SequencePoints>
                <SequencePoint vc="0" uspid="1689" ordinal="0" offset="0" sl="14" sc="9" el="14" ec="71" bec="0" bev="0" fileid="43" />
                <SequencePoint vc="0" uspid="1690" ordinal="1" offset="7" sl="15" sc="9" el="15" ec="10" bec="0" bev="0" fileid="43" />
                <SequencePoint vc="0" uspid="1691" ordinal="2" offset="8" sl="16" sc="13" el="16" ec="34" bec="0" bev="0" fileid="43" />
                <SequencePoint vc="0" uspid="1692" ordinal="3" offset="15" sl="17" sc="13" el="17" ec="24" bec="0" bev="0" fileid="43" />
                <SequencePoint vc="0" uspid="1693" ordinal="4" offset="22" sl="18" sc="9" el="18" ec="10" bec="0" bev="0" fileid="43" />
              </SequencePoints>
              <BranchPoints />
              <MethodPoint xsi:type="SequencePoint" vc="0" uspid="1689" ordinal="0" offset="0" sl="14" sc="9" el="14" ec="71" bec="0" bev="0" fileid="43" />
            </Method>
            <Method visited="false" cyclomaticComplexity="1" nPathComplexity="0" sequenceCoverage="0" branchCoverage="0" crapScore="2" isConstructor="false" isStatic="false" isGetter="false" isSetter="false">
              <Summary numSequencePoints="3" visitedSequencePoints="0" numBranchPoints="1" visitedBranchPoints="0" sequenceCoverage="0" branchCoverage="0" maxCyclomaticComplexity="1" minCyclomaticComplexity="1" maxCrapScore="2" minCrapScore="2" visitedClasses="0" numClasses="0" visitedMethods="0" numMethods="1" />
              <MetadataToken>100663482</MetadataToken>
              <Name>System.Void Homework2.WindowsFormsGraphicsAdaptor::DrawLine(System.Int32,System.Int32,System.Int32,System.Int32)</Name>
              <FileRef uid="43" />
              <SequencePoints>
                <SequencePoint vc="0" uspid="1694" ordinal="0" offset="0" sl="22" sc="9" el="22" ec="10" bec="0" bev="0" fileid="43" />
                <SequencePoint vc="0" uspid="1695" ordinal="1" offset="1" sl="23" sc="13" el="23" ec="54" bec="0" bev="0" fileid="43" />
                <SequencePoint vc="0" uspid="1696" ordinal="2" offset="24" sl="24" sc="9" el="24" ec="10" bec="0" bev="0" fileid="43" />
              </SequencePoints>
              <BranchPoints />
              <MethodPoint xsi:type="SequencePoint" vc="0" uspid="1694" ordinal="0" offset="0" sl="22" sc="9" el="22" ec="10" bec="0" bev="0" fileid="43" />
            </Method>
            <Method visited="false" cyclomaticComplexity="1" nPathComplexity="0" sequenceCoverage="0" branchCoverage="0" crapScore="2" isConstructor="false" isStatic="false" isGetter="false" isSetter="false">
              <Summary numSequencePoints="3" visitedSequencePoints="0" numBranchPoints="1" visitedBranchPoints="0" sequenceCoverage="0" branchCoverage="0" maxCyclomaticComplexity="1" minCyclomaticComplexity="1" maxCrapScore="2" minCrapScore="2" visitedClasses="0" numClasses="0" visitedMethods="0" numMethods="1" />
              <MetadataToken>100663483</MetadataToken>
              <Name>System.Void Homework2.WindowsFormsGraphicsAdaptor::DrawRectangle(System.Int32,System.Int32,System.Int32,System.Int32)</Name>
              <FileRef uid="43" />
              <SequencePoints>
                <SequencePoint vc="0" uspid="1697" ordinal="0" offset="0" sl="28" sc="9" el="28" ec="10" bec="0" bev="0" fileid="43" />
                <SequencePoint vc="0" uspid="1698" ordinal="1" offset="1" sl="29" sc="13" el="29" ec="66" bec="0" bev="0" fileid="43" />
                <SequencePoint vc="0" uspid="1699" ordinal="2" offset="24" sl="30" sc="9" el="30" ec="10" bec="0" bev="0" fileid="43" />
              </SequencePoints>
              <BranchPoints />
              <MethodPoint xsi:type="SequencePoint" vc="0" uspid="1697" ordinal="0" offset="0" sl="28" sc="9" el="28" ec="10" bec="0" bev="0" fileid="43" />
            </Method>
            <Method visited="false" cyclomaticComplexity="1" nPathComplexity="0" sequenceCoverage="0" branchCoverage="0" crapScore="2" isConstructor="false" isStatic="false" isGetter="false" isSetter="false">
              <Summary numSequencePoints="3" visitedSequencePoints="0" numBranchPoints="1" visitedBranchPoints="0" sequenceCoverage="0" branchCoverage="0" maxCyclomaticComplexity="1" minCyclomaticComplexity="1" maxCrapScore="2" minCrapScore="2" visitedClasses="0" numClasses="0" visitedMethods="0" numMethods="1" />
              <MetadataToken>100663484</MetadataToken>
              <Name>System.Void Homework2.WindowsFormsGraphicsAdaptor::DrawCircle(System.Int32,System.Int32,System.Int32,System.Int32)</Name>
              <FileRef uid="43" />
              <SequencePoints>
                <SequencePoint vc="0" uspid="1700" ordinal="0" offset="0" sl="34" sc="9" el="34" ec="10" bec="0" bev="0" fileid="43" />
                <SequencePoint vc="0" uspid="1701" ordinal="1" offset="1" sl="35" sc="13" el="35" ec="64" bec="0" bev="0" fileid="43" />
                <SequencePoint vc="0" uspid="1702" ordinal="2" offset="24" sl="36" sc="9" el="36" ec="10" bec="0" bev="0" fileid="43" />
              </SequencePoints>
              <BranchPoints />
              <MethodPoint xsi:type="SequencePoint" vc="0" uspid="1700" ordinal="0" offset="0" sl="34" sc="9" el="34" ec="10" bec="0" bev="0" fileid="43" />
            </Method>
            <Method visited="false" cyclomaticComplexity="1" nPathComplexity="0" sequenceCoverage="0" branchCoverage="0" crapScore="2" isConstructor="false" isStatic="false" isGetter="false" isSetter="false">
              <Summary numSequencePoints="14" visitedSequencePoints="0" numBranchPoints="1" visitedBranchPoints="0" sequenceCoverage="0" branchCoverage="0" maxCyclomaticComplexity="1" minCyclomaticComplexity="1" maxCrapScore="2" minCrapScore="2" visitedClasses="0" numClasses="0" visitedMethods="0" numMethods="1" />
              <MetadataToken>100663485</MetadataToken>
              <Name>System.Void Homework2.WindowsFormsGraphicsAdaptor::DrawSelectionBorder(System.Int32,System.Int32,System.Int32,System.Int32)</Name>
              <FileRef uid="43" />
              <SequencePoints>
                <SequencePoint vc="0" uspid="1703" ordinal="0" offset="0" sl="40" sc="9" el="40" ec="10" bec="0" bev="0" fileid="43" />
                <SequencePoint vc="0" uspid="1704" ordinal="1" offset="1" sl="44" sc="13" el="44" ec="43" bec="0" bev="0" fileid="43" />
                <SequencePoint vc="0" uspid="1705" ordinal="2" offset="12" sl="45" sc="13" el="45" ec="69" bec="0" bev="0" fileid="43" />
                <SequencePoint vc="0" uspid="1706" ordinal="3" offset="20" sl="46" sc="13" el="46" ec="65" bec="0" bev="0" fileid="43" />
                <SequencePoint vc="0" uspid="1707" ordinal="4" offset="38" sl="47" sc="13" el="47" ec="70" bec="0" bev="0" fileid="43" />
                <SequencePoint vc="0" uspid="1708" ordinal="5" offset="46" sl="48" sc="13" el="48" ec="104" bec="0" bev="0" fileid="43" />
                <SequencePoint vc="0" uspid="1709" ordinal="6" offset="69" sl="49" sc="13" el="49" ec="120" bec="0" bev="0" fileid="43" />
                <SequencePoint vc="0" uspid="1710" ordinal="7" offset="96" sl="50" sc="13" el="50" ec="112" bec="0" bev="0" fileid="43" />
                <SequencePoint vc="0" uspid="1711" ordinal="8" offset="121" sl="51" sc="13" el="51" ec="129" bec="0" bev="0" fileid="43" />
                <SequencePoint vc="0" uspid="1712" ordinal="9" offset="151" sl="52" sc="13" el="52" ec="121" bec="0" bev="0" fileid="43" />
                <SequencePoint vc="0" uspid="1713" ordinal="10" offset="179" sl="53" sc="13" el="53" ec="129" bec="0" bev="0" fileid="43" />
                <SequencePoint vc="0" uspid="1714" ordinal="11" offset="209" sl="54" sc="13" el="54" ec="113" bec="0" bev="0" fileid="43" />
                <SequencePoint vc="0" uspid="1715" ordinal="12" offset="235" sl="55" sc="13" el="55" ec="121" bec="0" bev="0" fileid="43" />
                <SequencePoint vc="0" uspid="1716" ordinal="13" offset="263" sl="56" sc="9" el="56" ec="10" bec="0" bev="0" fileid="43" />
              </SequencePoints>
              <BranchPoints />
              <MethodPoint xsi:type="SequencePoint" vc="0" uspid="1703" ordinal="0" offset="0" sl="40" sc="9" el="40" ec="10" bec="0" bev="0" fileid="43" />
            </Method>
          </Methods>
        </Class>
      </Classes>
    </Module>
  </Modules>
</CoverageSession>